2023/04/18 19:21:21 [notice] 8#8: using the "epoll" event method
2023/04/18 19:21:21 [notice] 8#8: nginx/1.23.3
2023/04/18 19:21:21 [notice] 8#8: built by gcc 10.2.1 20210110 (Debian 10.2.1-6) 
2023/04/18 19:21:21 [notice] 8#8: OS: Linux 5.15.49-linuxkit
2023/04/18 19:21:21 [notice] 8#8: getrlimit(RLIMIT_NOFILE): 1048576:1048576
2023/04/18 19:21:21 [notice] 8#8: start worker processes
2023/04/18 19:21:21 [notice] 8#8: start worker process 10
2023/04/18 19:21:21 [notice] 8#8: start worker process 11
2023/04/18 19:21:21 [notice] 8#8: start worker process 12
2023/04/18 19:21:21 [notice] 8#8: start worker process 13
2023/04/18 19:21:26 [error] 11#11: *2 FastCGI sent in stderr: "PHP message: PHP Warning:  require(/src/public/../vendor/autoload.php): Failed to open stream: No such file or directory in /src/public/index.php on line 34PHP message: PHP Fatal error:  Uncaught Error: Failed opening required '/src/public/../vendor/autoload.php' (include_path='.:/usr/local/lib/php') in /src/public/index.php:34
Stack trace:
#0 {main}
  thrown in /src/public/index.php on line 34" while reading response header from upstream, client: 172.20.0.1, server: , request: "GET / HTTP/1.1", upstream: "fastcgi://172.20.0.2:9000", host: "localhost:90"
2023/04/18 19:21:28 [error] 11#11: *2 FastCGI sent in stderr: "PHP message: PHP Warning:  require(/src/public/../vendor/autoload.php): Failed to open stream: No such file or directory in /src/public/index.php on line 34PHP message: PHP Fatal error:  Uncaught Error: Failed opening required '/src/public/../vendor/autoload.php' (include_path='.:/usr/local/lib/php') in /src/public/index.php:34
Stack trace:
#0 {main}
  thrown in /src/public/index.php on line 34" while reading response header from upstream, client: 172.20.0.1, server: , request: "GET / HTTP/1.1", upstream: "fastcgi://172.20.0.2:9000", host: "localhost:90"
2023/04/18 19:22:32 [error] 11#11: *2 FastCGI sent in stderr: "PHP message: PHP Fatal error:  Uncaught InvalidArgumentException: Please provide a valid cache path. in /src/vendor/laravel/framework/src/Illuminate/View/Compilers/Compiler.php:66
Stack trace:
#0 /src/vendor/laravel/framework/src/Illuminate/View/ViewServiceProvider.php(101): Illuminate\View\Compilers\Compiler->__construct()
#1 /src/vendor/laravel/framework/src/Illuminate/Container/Container.php(885): Illuminate\View\ViewServiceProvider->Illuminate\View\{closure}()
#2 /src/vendor/laravel/framework/src/Illuminate/Container/Container.php(770): Illuminate\Container\Container->build()
#3 /src/vendor/laravel/framework/src/Illuminate/Foundation/Application.php(856): Illuminate\Container\Container->resolve()
#4 /src/vendor/laravel/framework/src/Illuminate/Container/Container.php(706): Illuminate\Foundation\Application->resolve()
#5 /src/vendor/laravel/framework/src/Illuminate/Foundation/Application.php(841): Illuminate\Container\Container->make()
#6 /src/vendor/laravel/framework/src/Illuminate/Container/Container.php(1431): Illuminate\Foundation\Application->make()
#7 /src/vendor/laravel/framework/src/Illuminate/View/ViewServiceProvider.php(164): Illuminate\Container\Container->offsetGet()
#8 [internal function]: Illuminate\View\ViewServiceProvider->Illuminate\View\{closure}()
#9 /src/vendor/laravel/framework/src/Illuminate/View/Engines/EngineResolver.php(55): call_user_func()
#10 /src/vendor/laravel/framework/src/Illuminate/View/Factory.php(310): Illuminate\View\Engines\EngineResolver->resolve()
#11 /src/vendor/laravel/framework/src/Illuminate/View/Factory.php(274): Illuminate\View\Factory->getEngineFromPath()
#12 /src/vendor/laravel/framework/src/Illuminate/View/Factory.php(146): Illuminate\View\Factory->viewInstance()
#13 /src/vendor/laravel/framework/src/Illuminate/Routing/ResponseFactory.php(87): Illuminate\View\Factory->make()
#14 /src/vendor/laravel/framework/src/Illuminate/Foundation/Exceptions/Handler.php(629): Illuminate\Routing\ResponseFactory->vi
2023/04/18 19:22:33 [error] 11#11: *2 FastCGI sent in stderr: "PHP message: PHP Fatal error:  Uncaught InvalidArgumentException: Please provide a valid cache path. in /src/vendor/laravel/framework/src/Illuminate/View/Compilers/Compiler.php:66
Stack trace:
#0 /src/vendor/laravel/framework/src/Illuminate/View/ViewServiceProvider.php(101): Illuminate\View\Compilers\Compiler->__construct()
#1 /src/vendor/laravel/framework/src/Illuminate/Container/Container.php(885): Illuminate\View\ViewServiceProvider->Illuminate\View\{closure}()
#2 /src/vendor/laravel/framework/src/Illuminate/Container/Container.php(770): Illuminate\Container\Container->build()
#3 /src/vendor/laravel/framework/src/Illuminate/Foundation/Application.php(856): Illuminate\Container\Container->resolve()
#4 /src/vendor/laravel/framework/src/Illuminate/Container/Container.php(706): Illuminate\Foundation\Application->resolve()
#5 /src/vendor/laravel/framework/src/Illuminate/Foundation/Application.php(841): Illuminate\Container\Container->make()
#6 /src/vendor/laravel/framework/src/Illuminate/Container/Container.php(1431): Illuminate\Foundation\Application->make()
#7 /src/vendor/laravel/framework/src/Illuminate/View/ViewServiceProvider.php(164): Illuminate\Container\Container->offsetGet()
#8 [internal function]: Illuminate\View\ViewServiceProvider->Illuminate\View\{closure}()
#9 /src/vendor/laravel/framework/src/Illuminate/View/Engines/EngineResolver.php(55): call_user_func()
#10 /src/vendor/laravel/framework/src/Illuminate/View/Factory.php(310): Illuminate\View\Engines\EngineResolver->resolve()
#11 /src/vendor/laravel/framework/src/Illuminate/View/Factory.php(274): Illuminate\View\Factory->getEngineFromPath()
#12 /src/vendor/laravel/framework/src/Illuminate/View/Factory.php(146): Illuminate\View\Factory->viewInstance()
#13 /src/vendor/laravel/framework/src/Illuminate/Routing/ResponseFactory.php(87): Illuminate\View\Factory->make()
#14 /src/vendor/laravel/framework/src/Illuminate/Foundation/Exceptions/Handler.php(629): Illuminate\Routing\ResponseFactory->vi
2023/04/18 19:22:34 [error] 11#11: *2 FastCGI sent in stderr: "PHP message: PHP Fatal error:  Uncaught InvalidArgumentException: Please provide a valid cache path. in /src/vendor/laravel/framework/src/Illuminate/View/Compilers/Compiler.php:66
Stack trace:
#0 /src/vendor/laravel/framework/src/Illuminate/View/ViewServiceProvider.php(101): Illuminate\View\Compilers\Compiler->__construct()
#1 /src/vendor/laravel/framework/src/Illuminate/Container/Container.php(885): Illuminate\View\ViewServiceProvider->Illuminate\View\{closure}()
#2 /src/vendor/laravel/framework/src/Illuminate/Container/Container.php(770): Illuminate\Container\Container->build()
#3 /src/vendor/laravel/framework/src/Illuminate/Foundation/Application.php(856): Illuminate\Container\Container->resolve()
#4 /src/vendor/laravel/framework/src/Illuminate/Container/Container.php(706): Illuminate\Foundation\Application->resolve()
#5 /src/vendor/laravel/framework/src/Illuminate/Foundation/Application.php(841): Illuminate\Container\Container->make()
#6 /src/vendor/laravel/framework/src/Illuminate/Container/Container.php(1431): Illuminate\Foundation\Application->make()
#7 /src/vendor/laravel/framework/src/Illuminate/View/ViewServiceProvider.php(164): Illuminate\Container\Container->offsetGet()
#8 [internal function]: Illuminate\View\ViewServiceProvider->Illuminate\View\{closure}()
#9 /src/vendor/laravel/framework/src/Illuminate/View/Engines/EngineResolver.php(55): call_user_func()
#10 /src/vendor/laravel/framework/src/Illuminate/View/Factory.php(310): Illuminate\View\Engines\EngineResolver->resolve()
#11 /src/vendor/laravel/framework/src/Illuminate/View/Factory.php(274): Illuminate\View\Factory->getEngineFromPath()
#12 /src/vendor/laravel/framework/src/Illuminate/View/Factory.php(146): Illuminate\View\Factory->viewInstance()
#13 /src/vendor/laravel/framework/src/Illuminate/Routing/ResponseFactory.php(87): Illuminate\View\Factory->make()
#14 /src/vendor/laravel/framework/src/Illuminate/Foundation/Exceptions/Handler.php(629): Illuminate\Routing\ResponseFactory->vi
2023/04/19 16:26:26 [notice] 8#8: using the "epoll" event method
2023/04/19 16:26:26 [notice] 8#8: nginx/1.23.3
2023/04/19 16:26:26 [notice] 8#8: built by gcc 10.2.1 20210110 (Debian 10.2.1-6) 
2023/04/19 16:26:26 [notice] 8#8: OS: Linux 5.15.49-linuxkit
2023/04/19 16:26:26 [notice] 8#8: getrlimit(RLIMIT_NOFILE): 1048576:1048576
2023/04/19 16:26:26 [notice] 8#8: start worker processes
2023/04/19 16:26:26 [notice] 8#8: start worker process 10
2023/04/19 16:26:26 [notice] 8#8: start worker process 11
2023/04/19 16:26:26 [notice] 8#8: start worker process 12
2023/04/19 16:26:26 [notice] 8#8: start worker process 13
2023/04/20 15:47:58 [notice] 8#8: using the "epoll" event method
2023/04/20 15:47:58 [notice] 8#8: nginx/1.23.3
2023/04/20 15:47:58 [notice] 8#8: built by gcc 10.2.1 20210110 (Debian 10.2.1-6) 
2023/04/20 15:47:58 [notice] 8#8: OS: Linux 5.15.49-linuxkit
2023/04/20 15:47:58 [notice] 8#8: getrlimit(RLIMIT_NOFILE): 1048576:1048576
2023/04/20 15:47:58 [notice] 8#8: start worker processes
2023/04/20 15:47:58 [notice] 8#8: start worker process 10
2023/04/20 15:47:58 [notice] 8#8: start worker process 11
2023/04/20 15:47:58 [notice] 8#8: start worker process 12
2023/04/20 15:47:58 [notice] 8#8: start worker process 13
2023/04/20 21:47:58 [notice] 14#14: signal process started
2023/04/20 21:47:58 [notice] 8#8: signal 1 (SIGHUP) received from 14, reconfiguring
2023/04/20 21:47:58 [notice] 8#8: reconfiguring
2023/04/20 21:47:58 [notice] 8#8: using the "epoll" event method
2023/04/20 21:47:58 [notice] 8#8: start worker processes
2023/04/20 21:47:58 [notice] 8#8: start worker process 16
2023/04/20 21:47:58 [notice] 8#8: start worker process 17
2023/04/20 21:47:58 [notice] 8#8: start worker process 18
2023/04/20 21:47:58 [notice] 8#8: start worker process 19
2023/04/20 21:47:58 [notice] 10#10: gracefully shutting down
2023/04/20 21:47:58 [notice] 10#10: exiting
2023/04/20 21:47:58 [notice] 12#12: gracefully shutting down
2023/04/20 21:47:58 [notice] 10#10: exit
2023/04/20 21:47:58 [notice] 13#13: gracefully shutting down
2023/04/20 21:47:58 [notice] 11#11: gracefully shutting down
2023/04/20 21:47:58 [notice] 11#11: exiting
2023/04/20 21:47:58 [notice] 12#12: exiting
2023/04/20 21:47:58 [notice] 13#13: exiting
2023/04/20 21:47:58 [notice] 11#11: exit
2023/04/20 21:47:58 [notice] 12#12: exit
2023/04/20 21:47:58 [notice] 13#13: exit
2023/04/20 21:47:58 [notice] 8#8: signal 17 (SIGCHLD) received from 10
2023/04/20 21:47:58 [notice] 8#8: worker process 10 exited with code 0
2023/04/20 21:47:58 [notice] 8#8: signal 29 (SIGIO) received
2023/04/20 21:47:58 [notice] 8#8: signal 17 (SIGCHLD) received from 13
2023/04/20 21:47:58 [notice] 8#8: worker process 12 exited with code 0
2023/04/20 21:47:58 [notice] 8#8: worker process 13 exited with code 0
2023/04/20 21:47:58 [notice] 8#8: signal 29 (SIGIO) received
2023/04/20 21:47:58 [notice] 8#8: signal 17 (SIGCHLD) received from 11
2023/04/20 21:47:58 [notice] 8#8: worker process 11 exited with code 0
2023/04/20 21:47:58 [notice] 8#8: signal 29 (SIGIO) received
2023/04/21 17:20:58 [notice] 8#8: using the "epoll" event method
2023/04/21 17:20:58 [notice] 8#8: nginx/1.23.3
2023/04/21 17:20:58 [notice] 8#8: built by gcc 10.2.1 20210110 (Debian 10.2.1-6) 
2023/04/21 17:20:58 [notice] 8#8: OS: Linux 5.15.49-linuxkit
2023/04/21 17:20:58 [notice] 8#8: getrlimit(RLIMIT_NOFILE): 1048576:1048576
2023/04/21 17:20:58 [notice] 8#8: start worker processes
2023/04/21 17:20:58 [notice] 8#8: start worker process 10
2023/04/21 17:20:58 [notice] 8#8: start worker process 11
2023/04/21 17:20:58 [notice] 8#8: start worker process 12
2023/04/21 17:20:58 [notice] 8#8: start worker process 13
2023/04/22 01:04:57 [notice] 8#8: using the "epoll" event method
2023/04/22 01:04:57 [notice] 8#8: nginx/1.23.3
2023/04/22 01:04:57 [notice] 8#8: built by gcc 10.2.1 20210110 (Debian 10.2.1-6) 
2023/04/22 01:04:57 [notice] 8#8: OS: Linux 5.15.49-linuxkit
2023/04/22 01:04:57 [notice] 8#8: getrlimit(RLIMIT_NOFILE): 1048576:1048576
2023/04/22 01:04:57 [notice] 8#8: start worker processes
2023/04/22 01:04:57 [notice] 8#8: start worker process 10
2023/04/22 01:04:57 [notice] 8#8: start worker process 11
2023/04/22 01:04:57 [notice] 8#8: start worker process 12
2023/04/22 01:04:57 [notice] 8#8: start worker process 13
2023/04/24 14:49:51 [notice] 8#8: using the "epoll" event method
2023/04/24 14:49:51 [notice] 8#8: nginx/1.23.3
2023/04/24 14:49:51 [notice] 8#8: built by gcc 10.2.1 20210110 (Debian 10.2.1-6) 
2023/04/24 14:49:51 [notice] 8#8: OS: Linux 5.15.49-linuxkit
2023/04/24 14:49:51 [notice] 8#8: getrlimit(RLIMIT_NOFILE): 1048576:1048576
2023/04/24 14:49:51 [notice] 8#8: start worker processes
2023/04/24 14:49:51 [notice] 8#8: start worker process 10
2023/04/24 14:49:51 [notice] 8#8: start worker process 11
2023/04/24 14:49:51 [notice] 8#8: start worker process 12
2023/04/24 14:49:51 [notice] 8#8: start worker process 13
2023/04/24 18:40:23 [notice] 8#8: using the "epoll" event method
2023/04/24 18:40:23 [notice] 8#8: nginx/1.23.3
2023/04/24 18:40:23 [notice] 8#8: built by gcc 10.2.1 20210110 (Debian 10.2.1-6) 
2023/04/24 18:40:23 [notice] 8#8: OS: Linux 5.15.49-linuxkit
2023/04/24 18:40:23 [notice] 8#8: getrlimit(RLIMIT_NOFILE): 1048576:1048576
2023/04/24 18:40:23 [notice] 8#8: start worker processes
2023/04/24 18:40:23 [notice] 8#8: start worker process 10
2023/04/24 18:40:23 [notice] 8#8: start worker process 11
2023/04/24 18:40:23 [notice] 8#8: start worker process 12
2023/04/24 18:40:23 [notice] 8#8: start worker process 13
2023/04/25 00:26:10 [notice] 7#7: using the "epoll" event method
2023/04/25 00:26:10 [notice] 7#7: nginx/1.23.3
2023/04/25 00:26:10 [notice] 7#7: built by gcc 10.2.1 20210110 (Debian 10.2.1-6) 
2023/04/25 00:26:10 [notice] 7#7: OS: Linux 5.15.49-linuxkit
2023/04/25 00:26:10 [notice] 7#7: getrlimit(RLIMIT_NOFILE): 1048576:1048576
2023/04/25 00:26:10 [notice] 7#7: start worker processes
2023/04/25 00:26:10 [notice] 7#7: start worker process 9
2023/04/25 00:26:10 [notice] 7#7: start worker process 10
2023/04/25 00:26:10 [notice] 7#7: start worker process 11
2023/04/25 00:26:10 [notice] 7#7: start worker process 12
2023/04/25 23:05:48 [notice] 8#8: using the "epoll" event method
2023/04/25 23:05:48 [notice] 8#8: nginx/1.23.3
2023/04/25 23:05:48 [notice] 8#8: built by gcc 10.2.1 20210110 (Debian 10.2.1-6) 
2023/04/25 23:05:48 [notice] 8#8: OS: Linux 5.15.49-linuxkit
2023/04/25 23:05:48 [notice] 8#8: getrlimit(RLIMIT_NOFILE): 1048576:1048576
2023/04/25 23:05:48 [notice] 8#8: start worker processes
2023/04/25 23:05:48 [notice] 8#8: start worker process 10
2023/04/25 23:05:48 [notice] 8#8: start worker process 11
2023/04/25 23:05:48 [notice] 8#8: start worker process 12
2023/04/25 23:05:48 [notice] 8#8: start worker process 13
2023/04/26 18:43:14 [notice] 8#8: using the "epoll" event method
2023/04/26 18:43:14 [notice] 8#8: nginx/1.23.3
2023/04/26 18:43:14 [notice] 8#8: built by gcc 10.2.1 20210110 (Debian 10.2.1-6) 
2023/04/26 18:43:14 [notice] 8#8: OS: Linux 5.15.49-linuxkit
2023/04/26 18:43:14 [notice] 8#8: getrlimit(RLIMIT_NOFILE): 1048576:1048576
2023/04/26 18:43:14 [notice] 8#8: start worker processes
2023/04/26 18:43:14 [notice] 8#8: start worker process 10
2023/04/26 18:43:14 [notice] 8#8: start worker process 11
2023/04/26 18:43:14 [notice] 8#8: start worker process 12
2023/04/26 18:43:14 [notice] 8#8: start worker process 13
2023/04/26 18:45:34 [notice] 8#8: using the "epoll" event method
2023/04/26 18:45:34 [notice] 8#8: nginx/1.23.3
2023/04/26 18:45:34 [notice] 8#8: built by gcc 10.2.1 20210110 (Debian 10.2.1-6) 
2023/04/26 18:45:34 [notice] 8#8: OS: Linux 5.15.49-linuxkit
2023/04/26 18:45:34 [notice] 8#8: getrlimit(RLIMIT_NOFILE): 1048576:1048576
2023/04/26 18:45:34 [notice] 8#8: start worker processes
2023/04/26 18:45:34 [notice] 8#8: start worker process 10
2023/04/26 18:45:34 [notice] 8#8: start worker process 11
2023/04/26 18:45:34 [notice] 8#8: start worker process 12
2023/04/26 18:45:34 [notice] 8#8: start worker process 13
2023/04/26 18:51:43 [notice] 8#8: using the "epoll" event method
2023/04/26 18:51:43 [notice] 8#8: nginx/1.23.3
2023/04/26 18:51:43 [notice] 8#8: built by gcc 10.2.1 20210110 (Debian 10.2.1-6) 
2023/04/26 18:51:43 [notice] 8#8: OS: Linux 5.15.49-linuxkit
2023/04/26 18:51:43 [notice] 8#8: getrlimit(RLIMIT_NOFILE): 1048576:1048576
2023/04/26 18:51:43 [notice] 8#8: start worker processes
2023/04/26 18:51:43 [notice] 8#8: start worker process 10
2023/04/26 18:51:43 [notice] 8#8: start worker process 11
2023/04/26 18:51:43 [notice] 8#8: start worker process 12
2023/04/26 18:51:43 [notice] 8#8: start worker process 13
2023/04/26 19:57:50 [error] 11#11: *1 FastCGI sent in stderr: "PHP message: PHP Fatal error:  Trait "App\Models\HasFactory" not found in /src/app/Models/User.php on line 11" while reading response header from upstream, client: 172.20.0.1, server: , request: "POST /api/login/start HTTP/1.1", upstream: "fastcgi://172.20.0.2:9000", host: "localhost:90", referrer: "http://localhost:90/"
2023/04/26 19:58:14 [error] 11#11: *1 FastCGI sent in stderr: "PHP message: PHP Fatal error:  Trait "App\Models\HasFactory" not found in /src/app/Models/User.php on line 11" while reading response header from upstream, client: 172.20.0.1, server: , request: "POST /api/login/start HTTP/1.1", upstream: "fastcgi://172.20.0.2:9000", host: "localhost:90", referrer: "http://localhost:90/"
2023/04/26 19:58:28 [error] 11#11: *1 FastCGI sent in stderr: "PHP message: PHP Fatal error:  Trait "App\Models\HasFactory" not found in /src/app/Models/User.php on line 11" while reading response header from upstream, client: 172.20.0.1, server: , request: "POST /api/login/start HTTP/1.1", upstream: "fastcgi://172.20.0.2:9000", host: "localhost:90", referrer: "http://localhost:90/"
2023/04/27 00:51:43 [notice] 14#14: signal process started
2023/04/27 00:51:43 [notice] 8#8: signal 1 (SIGHUP) received from 14, reconfiguring
2023/04/27 00:51:43 [notice] 8#8: reconfiguring
2023/04/27 00:51:43 [notice] 8#8: using the "epoll" event method
2023/04/27 00:51:43 [notice] 8#8: start worker processes
2023/04/27 00:51:43 [notice] 8#8: start worker process 16
2023/04/27 00:51:43 [notice] 8#8: start worker process 17
2023/04/27 00:51:43 [notice] 8#8: start worker process 18
2023/04/27 00:51:43 [notice] 8#8: start worker process 19
2023/04/27 00:51:43 [notice] 13#13: gracefully shutting down
2023/04/27 00:51:43 [notice] 10#10: gracefully shutting down
2023/04/27 00:51:43 [notice] 10#10: exiting
2023/04/27 00:51:43 [notice] 12#12: gracefully shutting down
2023/04/27 00:51:43 [notice] 11#11: gracefully shutting down
2023/04/27 00:51:43 [notice] 13#13: exiting
2023/04/27 00:51:43 [notice] 13#13: exit
2023/04/27 00:51:43 [notice] 12#12: exiting
2023/04/27 00:51:43 [notice] 10#10: exit
2023/04/27 00:51:43 [notice] 11#11: exiting
2023/04/27 00:51:43 [notice] 12#12: exit
2023/04/27 00:51:43 [notice] 11#11: exit
2023/04/27 00:51:43 [notice] 8#8: signal 17 (SIGCHLD) received from 12
2023/04/27 00:51:43 [notice] 8#8: worker process 10 exited with code 0
2023/04/27 00:51:43 [notice] 8#8: worker process 11 exited with code 0
2023/04/27 00:51:43 [notice] 8#8: worker process 12 exited with code 0
2023/04/27 00:51:43 [notice] 8#8: worker process 13 exited with code 0
2023/04/27 00:51:43 [notice] 8#8: signal 29 (SIGIO) received
2023/04/27 00:51:43 [notice] 8#8: signal 17 (SIGCHLD) received from 10
2023/04/27 18:15:32 [notice] 8#8: using the "epoll" event method
2023/04/27 18:15:32 [notice] 8#8: nginx/1.23.3
2023/04/27 18:15:32 [notice] 8#8: built by gcc 10.2.1 20210110 (Debian 10.2.1-6) 
2023/04/27 18:15:32 [notice] 8#8: OS: Linux 5.15.49-linuxkit
2023/04/27 18:15:32 [notice] 8#8: getrlimit(RLIMIT_NOFILE): 1048576:1048576
2023/04/27 18:15:32 [notice] 8#8: start worker processes
2023/04/27 18:15:32 [notice] 8#8: start worker process 10
2023/04/27 18:15:32 [notice] 8#8: start worker process 11
2023/04/27 18:15:32 [notice] 8#8: start worker process 12
2023/04/27 18:15:32 [notice] 8#8: start worker process 13
2023/04/27 22:15:33 [notice] 8#8: using the "epoll" event method
2023/04/27 22:15:33 [notice] 8#8: nginx/1.23.3
2023/04/27 22:15:33 [notice] 8#8: built by gcc 10.2.1 20210110 (Debian 10.2.1-6) 
2023/04/27 22:15:33 [notice] 8#8: OS: Linux 5.15.49-linuxkit
2023/04/27 22:15:33 [notice] 8#8: getrlimit(RLIMIT_NOFILE): 1048576:1048576
2023/04/27 22:15:33 [notice] 8#8: start worker processes
2023/04/27 22:15:33 [notice] 8#8: start worker process 10
2023/04/27 22:15:33 [notice] 8#8: start worker process 11
2023/04/27 22:15:33 [notice] 8#8: start worker process 12
2023/04/27 22:15:33 [notice] 8#8: start worker process 13
2023/04/28 16:12:30 [notice] 8#8: using the "epoll" event method
2023/04/28 16:12:30 [notice] 8#8: nginx/1.23.3
2023/04/28 16:12:30 [notice] 8#8: built by gcc 10.2.1 20210110 (Debian 10.2.1-6) 
2023/04/28 16:12:30 [notice] 8#8: OS: Linux 5.15.49-linuxkit
2023/04/28 16:12:30 [notice] 8#8: getrlimit(RLIMIT_NOFILE): 1048576:1048576
2023/04/28 16:12:30 [notice] 8#8: start worker processes
2023/04/28 16:12:30 [notice] 8#8: start worker process 10
2023/04/28 16:12:30 [notice] 8#8: start worker process 11
2023/04/28 16:12:30 [notice] 8#8: start worker process 12
2023/04/28 16:12:30 [notice] 8#8: start worker process 13
2023/05/08 18:12:34 [notice] 9#9: using the "epoll" event method
2023/05/08 18:12:34 [notice] 9#9: nginx/1.23.3
2023/05/08 18:12:34 [notice] 9#9: built by gcc 10.2.1 20210110 (Debian 10.2.1-6) 
2023/05/08 18:12:34 [notice] 9#9: OS: Linux 5.15.49-linuxkit
2023/05/08 18:12:34 [notice] 9#9: getrlimit(RLIMIT_NOFILE): 1048576:1048576
2023/05/08 18:12:34 [notice] 9#9: start worker processes
2023/05/08 18:12:34 [notice] 9#9: start worker process 10
2023/05/08 18:12:34 [notice] 9#9: start worker process 11
2023/05/08 18:12:34 [notice] 9#9: start worker process 12
2023/05/08 18:12:34 [notice] 9#9: start worker process 13
2023/05/09 18:35:24 [notice] 8#8: using the "epoll" event method
2023/05/09 18:35:24 [notice] 8#8: nginx/1.23.3
2023/05/09 18:35:24 [notice] 8#8: built by gcc 10.2.1 20210110 (Debian 10.2.1-6) 
2023/05/09 18:35:24 [notice] 8#8: OS: Linux 5.15.49-linuxkit
2023/05/09 18:35:24 [notice] 8#8: getrlimit(RLIMIT_NOFILE): 1048576:1048576
2023/05/09 18:35:24 [notice] 8#8: start worker processes
2023/05/09 18:35:24 [notice] 8#8: start worker process 10
2023/05/09 18:35:24 [notice] 8#8: start worker process 11
2023/05/09 18:35:24 [notice] 8#8: start worker process 12
2023/05/09 18:35:24 [notice] 8#8: start worker process 13
2023/05/12 17:00:39 [notice] 8#8: using the "epoll" event method
2023/05/12 17:00:39 [notice] 8#8: nginx/1.23.3
2023/05/12 17:00:39 [notice] 8#8: built by gcc 10.2.1 20210110 (Debian 10.2.1-6) 
2023/05/12 17:00:39 [notice] 8#8: OS: Linux 5.15.49-linuxkit
2023/05/12 17:00:39 [notice] 8#8: getrlimit(RLIMIT_NOFILE): 1048576:1048576
2023/05/12 17:00:39 [notice] 8#8: start worker processes
2023/05/12 17:00:39 [notice] 8#8: start worker process 10
2023/05/12 17:00:39 [notice] 8#8: start worker process 11
2023/05/12 17:00:39 [notice] 8#8: start worker process 12
2023/05/12 17:00:39 [notice] 8#8: start worker process 13
2023/05/15 17:19:38 [notice] 9#9: using the "epoll" event method
2023/05/15 17:19:38 [notice] 9#9: nginx/1.23.3
2023/05/15 17:19:38 [notice] 9#9: built by gcc 10.2.1 20210110 (Debian 10.2.1-6) 
2023/05/15 17:19:38 [notice] 9#9: OS: Linux 5.15.49-linuxkit
2023/05/15 17:19:38 [notice] 9#9: getrlimit(RLIMIT_NOFILE): 1048576:1048576
2023/05/15 17:19:38 [notice] 9#9: start worker processes
2023/05/15 17:19:38 [notice] 9#9: start worker process 11
2023/05/15 17:19:38 [notice] 9#9: start worker process 12
2023/05/15 17:19:38 [notice] 9#9: start worker process 13
2023/05/15 17:19:38 [notice] 9#9: start worker process 14
2023/05/15 18:41:46 [notice] 8#8: using the "epoll" event method
2023/05/15 18:41:46 [notice] 8#8: nginx/1.23.3
2023/05/15 18:41:46 [notice] 8#8: built by gcc 10.2.1 20210110 (Debian 10.2.1-6) 
2023/05/15 18:41:46 [notice] 8#8: OS: Linux 5.15.49-linuxkit
2023/05/15 18:41:46 [notice] 8#8: getrlimit(RLIMIT_NOFILE): 1048576:1048576
2023/05/15 18:41:46 [notice] 8#8: start worker processes
2023/05/15 18:41:46 [notice] 8#8: start worker process 10
2023/05/15 18:41:46 [notice] 8#8: start worker process 11
2023/05/15 18:41:46 [notice] 8#8: start worker process 12
2023/05/15 18:41:46 [notice] 8#8: start worker process 13
2023/05/16 00:41:46 [notice] 14#14: signal process started
2023/05/16 00:41:46 [notice] 8#8: signal 1 (SIGHUP) received from 14, reconfiguring
2023/05/16 00:41:46 [notice] 8#8: reconfiguring
2023/05/16 00:41:46 [notice] 8#8: using the "epoll" event method
2023/05/16 00:41:46 [notice] 8#8: start worker processes
2023/05/16 00:41:46 [notice] 8#8: start worker process 16
2023/05/16 00:41:46 [notice] 8#8: start worker process 17
2023/05/16 00:41:46 [notice] 8#8: start worker process 18
2023/05/16 00:41:46 [notice] 8#8: start worker process 19
2023/05/16 00:41:46 [notice] 10#10: gracefully shutting down
2023/05/16 00:41:46 [notice] 12#12: gracefully shutting down
2023/05/16 00:41:46 [notice] 13#13: gracefully shutting down
2023/05/16 00:41:46 [notice] 11#11: gracefully shutting down
2023/05/16 00:41:46 [notice] 10#10: exiting
2023/05/16 00:41:46 [notice] 11#11: exiting
2023/05/16 00:41:46 [notice] 12#12: exiting
2023/05/16 00:41:46 [notice] 10#10: exit
2023/05/16 00:41:46 [notice] 13#13: exiting
2023/05/16 00:41:46 [notice] 11#11: exit
2023/05/16 00:41:46 [notice] 12#12: exit
2023/05/16 00:41:46 [notice] 13#13: exit
2023/05/16 00:41:46 [notice] 8#8: signal 17 (SIGCHLD) received from 10
2023/05/16 00:41:46 [notice] 8#8: worker process 10 exited with code 0
2023/05/16 00:41:46 [notice] 8#8: signal 29 (SIGIO) received
2023/05/16 00:41:46 [notice] 8#8: signal 17 (SIGCHLD) received from 13
2023/05/16 00:41:46 [notice] 8#8: worker process 12 exited with code 0
2023/05/16 00:41:46 [notice] 8#8: worker process 13 exited with code 0
2023/05/16 00:41:46 [notice] 8#8: signal 29 (SIGIO) received
2023/05/16 00:41:46 [notice] 8#8: signal 17 (SIGCHLD) received from 11
2023/05/16 00:41:46 [notice] 8#8: worker process 11 exited with code 0
2023/05/16 00:41:46 [notice] 8#8: signal 29 (SIGIO) received
2023/05/16 15:53:45 [notice] 9#9: using the "epoll" event method
2023/05/16 15:53:45 [notice] 9#9: nginx/1.23.3
2023/05/16 15:53:45 [notice] 9#9: built by gcc 10.2.1 20210110 (Debian 10.2.1-6) 
2023/05/16 15:53:45 [notice] 9#9: OS: Linux 5.15.49-linuxkit
2023/05/16 15:53:45 [notice] 9#9: getrlimit(RLIMIT_NOFILE): 1048576:1048576
2023/05/16 15:53:45 [notice] 9#9: start worker processes
2023/05/16 15:53:45 [notice] 9#9: start worker process 11
2023/05/16 15:53:45 [notice] 9#9: start worker process 12
2023/05/16 15:53:45 [notice] 9#9: start worker process 13
2023/05/16 15:53:45 [notice] 9#9: start worker process 14
2023/05/16 21:53:45 [notice] 15#15: signal process started
2023/05/16 21:53:45 [notice] 9#9: signal 1 (SIGHUP) received from 15, reconfiguring
2023/05/16 21:53:45 [notice] 9#9: reconfiguring
2023/05/16 21:53:45 [notice] 9#9: using the "epoll" event method
2023/05/16 21:53:45 [notice] 9#9: start worker processes
2023/05/16 21:53:45 [notice] 9#9: start worker process 17
2023/05/16 21:53:45 [notice] 9#9: start worker process 18
2023/05/16 21:53:45 [notice] 9#9: start worker process 19
2023/05/16 21:53:45 [notice] 9#9: start worker process 20
2023/05/16 21:53:45 [notice] 14#14: gracefully shutting down
2023/05/16 21:53:45 [notice] 11#11: gracefully shutting down
2023/05/16 21:53:45 [notice] 13#13: gracefully shutting down
2023/05/16 21:53:45 [notice] 12#12: gracefully shutting down
2023/05/16 21:53:45 [notice] 14#14: exiting
2023/05/16 21:53:45 [notice] 11#11: exiting
2023/05/16 21:53:45 [notice] 13#13: exiting
2023/05/16 21:53:45 [notice] 12#12: exiting
2023/05/16 21:53:45 [notice] 12#12: exit
2023/05/16 21:53:45 [notice] 14#14: exit
2023/05/16 21:53:45 [notice] 11#11: exit
2023/05/16 21:53:45 [notice] 13#13: exit
2023/05/16 21:53:45 [notice] 9#9: signal 17 (SIGCHLD) received from 12
2023/05/16 21:53:45 [notice] 9#9: worker process 12 exited with code 0
2023/05/16 21:53:45 [notice] 9#9: signal 29 (SIGIO) received
2023/05/16 21:53:45 [notice] 9#9: signal 17 (SIGCHLD) received from 13
2023/05/16 21:53:45 [notice] 9#9: worker process 13 exited with code 0
2023/05/16 21:53:45 [notice] 9#9: signal 29 (SIGIO) received
2023/05/16 21:53:45 [notice] 9#9: signal 17 (SIGCHLD) received from 14
2023/05/16 21:53:45 [notice] 9#9: worker process 14 exited with code 0
2023/05/16 21:53:45 [notice] 9#9: worker process 11 exited with code 0
2023/05/16 21:53:45 [notice] 9#9: signal 29 (SIGIO) received
2023/05/16 21:53:45 [notice] 9#9: signal 17 (SIGCHLD) received from 11
2023/05/17 16:12:44 [notice] 8#8: using the "epoll" event method
2023/05/17 16:12:44 [notice] 8#8: nginx/1.23.3
2023/05/17 16:12:44 [notice] 8#8: built by gcc 10.2.1 20210110 (Debian 10.2.1-6) 
2023/05/17 16:12:44 [notice] 8#8: OS: Linux 5.15.49-linuxkit
2023/05/17 16:12:44 [notice] 8#8: getrlimit(RLIMIT_NOFILE): 1048576:1048576
2023/05/17 16:12:44 [notice] 8#8: start worker processes
2023/05/17 16:12:44 [notice] 8#8: start worker process 10
2023/05/17 16:12:44 [notice] 8#8: start worker process 11
2023/05/17 16:12:44 [notice] 8#8: start worker process 12
2023/05/17 16:12:44 [notice] 8#8: start worker process 13
2023/05/17 22:12:44 [notice] 14#14: signal process started
2023/05/17 22:12:44 [notice] 8#8: signal 1 (SIGHUP) received from 14, reconfiguring
2023/05/17 22:12:44 [notice] 8#8: reconfiguring
2023/05/17 22:12:44 [notice] 8#8: using the "epoll" event method
2023/05/17 22:12:44 [notice] 8#8: start worker processes
2023/05/17 22:12:44 [notice] 8#8: start worker process 16
2023/05/17 22:12:44 [notice] 8#8: start worker process 17
2023/05/17 22:12:44 [notice] 8#8: start worker process 18
2023/05/17 22:12:44 [notice] 8#8: start worker process 19
2023/05/17 22:12:44 [notice] 10#10: gracefully shutting down
2023/05/17 22:12:44 [notice] 13#13: gracefully shutting down
2023/05/17 22:12:44 [notice] 11#11: gracefully shutting down
2023/05/17 22:12:44 [notice] 12#12: gracefully shutting down
2023/05/17 22:12:44 [notice] 11#11: exiting
2023/05/17 22:12:44 [notice] 10#10: exiting
2023/05/17 22:12:44 [notice] 13#13: exiting
2023/05/17 22:12:44 [notice] 12#12: exiting
2023/05/17 22:12:44 [notice] 11#11: exit
2023/05/17 22:12:44 [notice] 13#13: exit
2023/05/17 22:12:44 [notice] 10#10: exit
2023/05/17 22:12:44 [notice] 12#12: exit
2023/05/17 22:12:44 [notice] 8#8: signal 17 (SIGCHLD) received from 13
2023/05/17 22:12:44 [notice] 8#8: worker process 11 exited with code 0
2023/05/17 22:12:44 [notice] 8#8: worker process 12 exited with code 0
2023/05/17 22:12:44 [notice] 8#8: worker process 13 exited with code 0
2023/05/17 22:12:44 [notice] 8#8: signal 29 (SIGIO) received
2023/05/17 22:12:44 [notice] 8#8: signal 17 (SIGCHLD) received from 10
2023/05/17 22:12:44 [notice] 8#8: worker process 10 exited with code 0
2023/05/17 22:12:44 [notice] 8#8: signal 29 (SIGIO) received
2023/05/17 22:34:25 [error] 16#16: *58 FastCGI sent in stderr: "PHP message: PHP Fatal error:  Could not check compatibility between App\Exceptions\Handler::render($request, App\Exceptions\Exception $exception) and Illuminate\Foundation\Exceptions\Handler::render($request, Throwable $e), because class App\Exceptions\Exception is not available in /src/app/Exceptions/Handler.php on line 52PHP message: PHP Fatal error:  Uncaught ReflectionException: Class "App\Exceptions\Handler" does not exist in /src/vendor/laravel/framework/src/Illuminate/Container/Container.php:889
Stack trace:
#0 /src/vendor/laravel/framework/src/Illuminate/Container/Container.php(889): ReflectionClass->__construct()
#1 /src/vendor/laravel/framework/src/Illuminate/Container/Container.php(770): Illuminate\Container\Container->build()
#2 /src/vendor/laravel/framework/src/Illuminate/Foundation/Application.php(856): Illuminate\Container\Container->resolve()
#3 /src/vendor/laravel/framework/src/Illuminate/Container/Container.php(296): Illuminate\Foundation\Application->resolve()
#4 /src/vendor/laravel/framework/src/Illuminate/Container/Container.php(885): Illuminate\Container\Container->Illuminate\Container\{closure}()
#5 /src/vendor/laravel/framework/src/Illuminate/Container/Container.php(770): Illuminate\Container\Container->build()
#6 /src/vendor/laravel/framework/src/Illuminate/Foundation/Application.php(856): Illuminate\Container\Container->resolve()
#7 /src/vendor/laravel/framework/src/Illuminate/Container/Container.php(706): Illuminate\Foundation\Application->resolve()
#8 /src/vendor/laravel/framework/src/Illuminate/Foundation/Application.php(841): Illuminate\Container\Container->make()
#9 /src/vendor/laravel/framework/src/Illuminate/Foundation/Bootstrap/HandleExceptions.php(303): Illuminate\Foundation\Application->make()
#10 /src/vendor/laravel/framework/src/Illuminate/Foundation/Bootstrap/HandleExceptions.php(233): Illuminate\Foundation\Bootstrap\HandleExceptions->getExceptionHandler()
#11 /src/vendor/laravel/framework/src/Illuminate/Found
2023/05/17 22:35:19 [error] 16#16: *58 FastCGI sent in stderr: "PHP message: PHP Parse error:  syntax error, unexpected identifier "zz", expecting "function" or "const" in /src/app/Exceptions/Handler.php on line 49PHP message: PHP Parse error:  syntax error, unexpected identifier "zz", expecting "function" or "const" in /src/app/Exceptions/Handler.php on line 49" while reading response header from upstream, client: 172.20.0.1, server: , request: "POST /api/login/logout HTTP/1.1", upstream: "fastcgi://172.20.0.2:9000", host: "localhost:90", referrer: "http://localhost:90/dashboard"
2023/05/17 22:35:27 [error] 16#16: *58 FastCGI sent in stderr: "PHP message: PHP Parse error:  syntax error, unexpected identifier "zz", expecting "function" or "const" in /src/app/Exceptions/Handler.php on line 49PHP message: PHP Parse error:  syntax error, unexpected identifier "zz", expecting "function" or "const" in /src/app/Exceptions/Handler.php on line 49" while reading response header from upstream, client: 172.20.0.1, server: , request: "POST /api/login/logout HTTP/1.1", upstream: "fastcgi://172.20.0.2:9000", host: "localhost:90", referrer: "http://localhost:90/dashboard"
2023/05/17 22:35:49 [error] 16#16: *58 FastCGI sent in stderr: "PHP message: PHP Parse error:  syntax error, unexpected identifier "zz", expecting "function" or "const" in /src/app/Exceptions/Handler.php on line 49PHP message: PHP Parse error:  syntax error, unexpected identifier "zz", expecting "function" or "const" in /src/app/Exceptions/Handler.php on line 49" while reading response header from upstream, client: 172.20.0.1, server: , request: "POST /api/login/logout HTTP/1.1", upstream: "fastcgi://172.20.0.2:9000", host: "localhost:90", referrer: "http://localhost:90/dashboard"
2023/05/17 22:36:00 [error] 16#16: *58 FastCGI sent in stderr: "PHP message: PHP Parse error:  syntax error, unexpected identifier "zz", expecting "function" or "const" in /src/app/Exceptions/Handler.php on line 49PHP message: PHP Parse error:  syntax error, unexpected identifier "zz", expecting "function" or "const" in /src/app/Exceptions/Handler.php on line 49" while reading response header from upstream, client: 172.20.0.1, server: , request: "POST /api/login/logout HTTP/1.1", upstream: "fastcgi://172.20.0.2:9000", host: "localhost:90", referrer: "http://localhost:90/dashboard"
2023/05/17 22:36:05 [error] 16#16: *58 FastCGI sent in stderr: "PHP message: PHP Parse error:  syntax error, unexpected identifier "zz", expecting "function" or "const" in /src/app/Exceptions/Handler.php on line 49PHP message: PHP Parse error:  syntax error, unexpected identifier "zz", expecting "function" or "const" in /src/app/Exceptions/Handler.php on line 49" while reading response header from upstream, client: 172.20.0.1, server: , request: "GET /dashboard HTTP/1.1", upstream: "fastcgi://172.20.0.2:9000", host: "localhost:90", referrer: "http://localhost:90/dashboard"
2023/05/17 22:36:07 [error] 16#16: *58 FastCGI sent in stderr: "PHP message: PHP Parse error:  syntax error, unexpected identifier "zz", expecting "function" or "const" in /src/app/Exceptions/Handler.php on line 49PHP message: PHP Parse error:  syntax error, unexpected identifier "zz", expecting "function" or "const" in /src/app/Exceptions/Handler.php on line 49" while reading response header from upstream, client: 172.20.0.1, server: , request: "GET /dashboard HTTP/1.1", upstream: "fastcgi://172.20.0.2:9000", host: "localhost:90", referrer: "http://localhost:90/dashboard"
2023/05/19 16:49:23 [notice] 8#8: using the "epoll" event method
2023/05/19 16:49:23 [notice] 8#8: nginx/1.23.3
2023/05/19 16:49:23 [notice] 8#8: built by gcc 10.2.1 20210110 (Debian 10.2.1-6) 
2023/05/19 16:49:23 [notice] 8#8: OS: Linux 5.15.49-linuxkit
2023/05/19 16:49:23 [notice] 8#8: getrlimit(RLIMIT_NOFILE): 1048576:1048576
2023/05/19 16:49:23 [notice] 8#8: start worker processes
2023/05/19 16:49:23 [notice] 8#8: start worker process 10
2023/05/19 16:49:23 [notice] 8#8: start worker process 11
2023/05/19 16:49:23 [notice] 8#8: start worker process 12
2023/05/19 16:49:23 [notice] 8#8: start worker process 13
2023/05/19 22:49:23 [notice] 14#14: signal process started
2023/05/19 22:49:23 [notice] 8#8: signal 1 (SIGHUP) received from 14, reconfiguring
2023/05/19 22:49:23 [notice] 8#8: reconfiguring
2023/05/19 22:49:23 [notice] 8#8: using the "epoll" event method
2023/05/19 22:49:23 [notice] 8#8: start worker processes
2023/05/19 22:49:23 [notice] 8#8: start worker process 16
2023/05/19 22:49:23 [notice] 8#8: start worker process 17
2023/05/19 22:49:23 [notice] 8#8: start worker process 18
2023/05/19 22:49:23 [notice] 8#8: start worker process 19
2023/05/19 22:49:23 [notice] 13#13: gracefully shutting down
2023/05/19 22:49:23 [notice] 12#12: gracefully shutting down
2023/05/19 22:49:23 [notice] 11#11: gracefully shutting down
2023/05/19 22:49:23 [notice] 10#10: gracefully shutting down
2023/05/19 22:49:23 [notice] 13#13: exiting
2023/05/19 22:49:23 [notice] 12#12: exiting
2023/05/19 22:49:23 [notice] 13#13: exit
2023/05/19 22:49:23 [notice] 12#12: exit
2023/05/19 22:49:23 [notice] 11#11: exiting
2023/05/19 22:49:23 [notice] 10#10: exiting
2023/05/19 22:49:23 [notice] 10#10: exit
2023/05/19 22:49:23 [notice] 11#11: exit
2023/05/19 22:49:23 [notice] 8#8: signal 17 (SIGCHLD) received from 12
2023/05/19 22:49:23 [notice] 8#8: worker process 12 exited with code 0
2023/05/19 22:49:23 [notice] 8#8: signal 29 (SIGIO) received
2023/05/19 22:49:23 [notice] 8#8: signal 17 (SIGCHLD) received from 10
2023/05/19 22:49:23 [notice] 8#8: worker process 10 exited with code 0
2023/05/19 22:49:23 [notice] 8#8: worker process 11 exited with code 0
2023/05/19 22:49:23 [notice] 8#8: worker process 13 exited with code 0
2023/05/19 22:49:23 [notice] 8#8: signal 29 (SIGIO) received
2023/05/19 22:49:23 [notice] 8#8: signal 17 (SIGCHLD) received from 13
2023/05/22 17:07:54 [notice] 8#8: using the "epoll" event method
2023/05/22 17:07:54 [notice] 8#8: nginx/1.23.3
2023/05/22 17:07:54 [notice] 8#8: built by gcc 10.2.1 20210110 (Debian 10.2.1-6) 
2023/05/22 17:07:54 [notice] 8#8: OS: Linux 5.15.49-linuxkit
2023/05/22 17:07:54 [notice] 8#8: getrlimit(RLIMIT_NOFILE): 1048576:1048576
2023/05/22 17:07:54 [notice] 8#8: start worker processes
2023/05/22 17:07:54 [notice] 8#8: start worker process 10
2023/05/22 17:07:54 [notice] 8#8: start worker process 11
2023/05/22 17:07:54 [notice] 8#8: start worker process 12
2023/05/22 17:07:54 [notice] 8#8: start worker process 13
2023/05/22 23:07:54 [notice] 14#14: signal process started
2023/05/22 23:07:54 [notice] 8#8: signal 1 (SIGHUP) received from 14, reconfiguring
2023/05/22 23:07:54 [notice] 8#8: reconfiguring
2023/05/22 23:07:54 [notice] 8#8: using the "epoll" event method
2023/05/22 23:07:54 [notice] 8#8: start worker processes
2023/05/22 23:07:54 [notice] 8#8: start worker process 16
2023/05/22 23:07:54 [notice] 8#8: start worker process 17
2023/05/22 23:07:54 [notice] 8#8: start worker process 18
2023/05/22 23:07:54 [notice] 8#8: start worker process 19
2023/05/22 23:07:54 [notice] 10#10: gracefully shutting down
2023/05/22 23:07:54 [notice] 11#11: gracefully shutting down
2023/05/22 23:07:54 [notice] 12#12: gracefully shutting down
2023/05/22 23:07:54 [notice] 13#13: gracefully shutting down
2023/05/22 23:07:54 [notice] 10#10: exiting
2023/05/22 23:07:54 [notice] 11#11: exiting
2023/05/22 23:07:54 [notice] 12#12: exiting
2023/05/22 23:07:54 [notice] 11#11: exit
2023/05/22 23:07:54 [notice] 13#13: exiting
2023/05/22 23:07:54 [notice] 10#10: exit
2023/05/22 23:07:54 [notice] 12#12: exit
2023/05/22 23:07:54 [notice] 13#13: exit
2023/05/22 23:07:54 [notice] 8#8: signal 17 (SIGCHLD) received from 10
2023/05/22 23:07:54 [notice] 8#8: worker process 10 exited with code 0
2023/05/22 23:07:54 [notice] 8#8: worker process 13 exited with code 0
2023/05/22 23:07:54 [notice] 8#8: signal 29 (SIGIO) received
2023/05/22 23:07:54 [notice] 8#8: signal 17 (SIGCHLD) received from 12
2023/05/22 23:07:54 [notice] 8#8: worker process 12 exited with code 0
2023/05/22 23:07:54 [notice] 8#8: signal 29 (SIGIO) received
2023/05/22 23:07:54 [notice] 8#8: signal 17 (SIGCHLD) received from 11
2023/05/22 23:07:54 [notice] 8#8: worker process 11 exited with code 0
2023/05/22 23:07:54 [notice] 8#8: signal 29 (SIGIO) received
2023/05/23 16:24:08 [notice] 8#8: using the "epoll" event method
2023/05/23 16:24:08 [notice] 8#8: nginx/1.23.3
2023/05/23 16:24:08 [notice] 8#8: built by gcc 10.2.1 20210110 (Debian 10.2.1-6) 
2023/05/23 16:24:08 [notice] 8#8: OS: Linux 5.15.49-linuxkit
2023/05/23 16:24:08 [notice] 8#8: getrlimit(RLIMIT_NOFILE): 1048576:1048576
2023/05/23 16:24:08 [notice] 8#8: start worker processes
2023/05/23 16:24:08 [notice] 8#8: start worker process 10
2023/05/23 16:24:08 [notice] 8#8: start worker process 11
2023/05/23 16:24:08 [notice] 8#8: start worker process 12
2023/05/23 16:24:08 [notice] 8#8: start worker process 13
2023/05/23 22:24:08 [notice] 14#14: signal process started
2023/05/23 22:24:08 [notice] 8#8: signal 1 (SIGHUP) received from 14, reconfiguring
2023/05/23 22:24:08 [notice] 8#8: reconfiguring
2023/05/23 22:24:08 [notice] 8#8: using the "epoll" event method
2023/05/23 22:24:08 [notice] 8#8: start worker processes
2023/05/23 22:24:08 [notice] 8#8: start worker process 16
2023/05/23 22:24:08 [notice] 8#8: start worker process 17
2023/05/23 22:24:08 [notice] 8#8: start worker process 18
2023/05/23 22:24:08 [notice] 8#8: start worker process 19
2023/05/23 22:24:08 [notice] 11#11: gracefully shutting down
2023/05/23 22:24:08 [notice] 13#13: gracefully shutting down
2023/05/23 22:24:08 [notice] 10#10: gracefully shutting down
2023/05/23 22:24:08 [notice] 12#12: gracefully shutting down
2023/05/23 22:24:08 [notice] 11#11: exiting
2023/05/23 22:24:08 [notice] 13#13: exiting
2023/05/23 22:24:08 [notice] 11#11: exit
2023/05/23 22:24:08 [notice] 10#10: exiting
2023/05/23 22:24:08 [notice] 12#12: exiting
2023/05/23 22:24:08 [notice] 10#10: exit
2023/05/23 22:24:08 [notice] 13#13: exit
2023/05/23 22:24:08 [notice] 12#12: exit
2023/05/23 22:24:08 [notice] 8#8: signal 17 (SIGCHLD) received from 10
2023/05/23 22:24:08 [notice] 8#8: worker process 10 exited with code 0
2023/05/23 22:24:08 [notice] 8#8: worker process 11 exited with code 0
2023/05/23 22:24:08 [notice] 8#8: worker process 13 exited with code 0
2023/05/23 22:24:08 [notice] 8#8: signal 29 (SIGIO) received
2023/05/23 22:24:08 [notice] 8#8: signal 17 (SIGCHLD) received from 12
2023/05/23 22:24:08 [notice] 8#8: worker process 12 exited with code 0
2023/05/23 22:24:08 [notice] 8#8: signal 29 (SIGIO) received
2023/05/25 15:42:16 [notice] 8#8: using the "epoll" event method
2023/05/25 15:42:16 [notice] 8#8: nginx/1.23.3
2023/05/25 15:42:16 [notice] 8#8: built by gcc 10.2.1 20210110 (Debian 10.2.1-6) 
2023/05/25 15:42:16 [notice] 8#8: OS: Linux 5.15.49-linuxkit
2023/05/25 15:42:16 [notice] 8#8: getrlimit(RLIMIT_NOFILE): 1048576:1048576
2023/05/25 15:42:16 [notice] 8#8: start worker processes
2023/05/25 15:42:16 [notice] 8#8: start worker process 10
2023/05/25 15:42:16 [notice] 8#8: start worker process 11
2023/05/25 15:42:16 [notice] 8#8: start worker process 12
2023/05/25 15:42:16 [notice] 8#8: start worker process 13
2023/05/25 21:42:16 [notice] 14#14: signal process started
2023/05/25 21:42:16 [notice] 8#8: signal 1 (SIGHUP) received from 14, reconfiguring
2023/05/25 21:42:16 [notice] 8#8: reconfiguring
2023/05/25 21:42:16 [notice] 8#8: using the "epoll" event method
2023/05/25 21:42:16 [notice] 8#8: start worker processes
2023/05/25 21:42:16 [notice] 8#8: start worker process 16
2023/05/25 21:42:16 [notice] 8#8: start worker process 17
2023/05/25 21:42:16 [notice] 8#8: start worker process 18
2023/05/25 21:42:16 [notice] 8#8: start worker process 19
2023/05/25 21:42:17 [notice] 13#13: gracefully shutting down
2023/05/25 21:42:17 [notice] 12#12: gracefully shutting down
2023/05/25 21:42:17 [notice] 10#10: gracefully shutting down
2023/05/25 21:42:17 [notice] 11#11: gracefully shutting down
2023/05/25 21:42:17 [notice] 13#13: exiting
2023/05/25 21:42:17 [notice] 12#12: exiting
2023/05/25 21:42:17 [notice] 10#10: exiting
2023/05/25 21:42:17 [notice] 13#13: exit
2023/05/25 21:42:17 [notice] 10#10: exit
2023/05/25 21:42:17 [notice] 11#11: exiting
2023/05/25 21:42:17 [notice] 12#12: exit
2023/05/25 21:42:17 [notice] 11#11: exit
2023/05/25 21:42:17 [notice] 8#8: signal 17 (SIGCHLD) received from 11
2023/05/25 21:42:17 [notice] 8#8: worker process 11 exited with code 0
2023/05/25 21:42:17 [notice] 8#8: signal 29 (SIGIO) received
2023/05/25 21:42:17 [notice] 8#8: signal 17 (SIGCHLD) received from 10
2023/05/25 21:42:17 [notice] 8#8: worker process 10 exited with code 0
2023/05/25 21:42:17 [notice] 8#8: worker process 12 exited with code 0
2023/05/25 21:42:17 [notice] 8#8: worker process 13 exited with code 0
2023/05/25 21:42:17 [notice] 8#8: signal 29 (SIGIO) received
2023/05/25 21:42:17 [notice] 8#8: signal 17 (SIGCHLD) received from 12
2023/05/29 15:17:58 [notice] 8#8: using the "epoll" event method
2023/05/29 15:17:58 [notice] 8#8: nginx/1.23.3
2023/05/29 15:17:58 [notice] 8#8: built by gcc 10.2.1 20210110 (Debian 10.2.1-6) 
2023/05/29 15:17:58 [notice] 8#8: OS: Linux 5.15.49-linuxkit
2023/05/29 15:17:58 [notice] 8#8: getrlimit(RLIMIT_NOFILE): 1048576:1048576
2023/05/29 15:17:58 [notice] 8#8: start worker processes
2023/05/29 15:17:58 [notice] 8#8: start worker process 10
2023/05/29 15:17:58 [notice] 8#8: start worker process 11
2023/05/29 15:17:58 [notice] 8#8: start worker process 12
2023/05/29 15:17:58 [notice] 8#8: start worker process 13
2023/05/30 18:13:49 [notice] 8#8: using the "epoll" event method
2023/05/30 18:13:49 [notice] 8#8: nginx/1.23.3
2023/05/30 18:13:49 [notice] 8#8: built by gcc 10.2.1 20210110 (Debian 10.2.1-6) 
2023/05/30 18:13:49 [notice] 8#8: OS: Linux 5.15.49-linuxkit
2023/05/30 18:13:49 [notice] 8#8: getrlimit(RLIMIT_NOFILE): 1048576:1048576
2023/05/30 18:13:49 [notice] 8#8: start worker processes
2023/05/30 18:13:49 [notice] 8#8: start worker process 10
2023/05/30 18:13:49 [notice] 8#8: start worker process 11
2023/05/30 18:13:49 [notice] 8#8: start worker process 12
2023/05/30 18:13:49 [notice] 8#8: start worker process 13
2023/06/14 14:59:58 [notice] 7#7: using the "epoll" event method
2023/06/14 14:59:58 [notice] 7#7: nginx/1.23.3
2023/06/14 14:59:58 [notice] 7#7: built by gcc 10.2.1 20210110 (Debian 10.2.1-6) 
2023/06/14 14:59:58 [notice] 7#7: OS: Linux 5.15.49-linuxkit-pr
2023/06/14 14:59:58 [notice] 7#7: getrlimit(RLIMIT_NOFILE): 1048576:1048576
2023/06/14 14:59:58 [notice] 7#7: start worker processes
2023/06/14 14:59:58 [notice] 7#7: start worker process 9
2023/06/14 14:59:58 [notice] 7#7: start worker process 10
2023/06/14 14:59:58 [notice] 7#7: start worker process 11
2023/06/14 14:59:58 [notice] 7#7: start worker process 12
2023/06/20 16:34:10 [notice] 8#8: using the "epoll" event method
2023/06/20 16:34:10 [notice] 8#8: nginx/1.23.3
2023/06/20 16:34:10 [notice] 8#8: built by gcc 10.2.1 20210110 (Debian 10.2.1-6) 
2023/06/20 16:34:10 [notice] 8#8: OS: Linux 5.15.49-linuxkit-pr
2023/06/20 16:34:10 [notice] 8#8: getrlimit(RLIMIT_NOFILE): 1048576:1048576
2023/06/20 16:34:10 [notice] 8#8: start worker processes
2023/06/20 16:34:10 [notice] 8#8: start worker process 10
2023/06/20 16:34:10 [notice] 8#8: start worker process 11
2023/06/20 16:34:10 [notice] 8#8: start worker process 12
2023/06/20 16:34:10 [notice] 8#8: start worker process 13
2023/06/20 18:09:38 [notice] 8#8: using the "epoll" event method
2023/06/20 18:09:38 [notice] 8#8: nginx/1.23.3
2023/06/20 18:09:38 [notice] 8#8: built by gcc 10.2.1 20210110 (Debian 10.2.1-6) 
2023/06/20 18:09:38 [notice] 8#8: OS: Linux 5.15.49-linuxkit-pr
2023/06/20 18:09:38 [notice] 8#8: getrlimit(RLIMIT_NOFILE): 1048576:1048576
2023/06/20 18:09:38 [notice] 8#8: start worker processes
2023/06/20 18:09:38 [notice] 8#8: start worker process 10
2023/06/20 18:09:38 [notice] 8#8: start worker process 11
2023/06/20 18:09:38 [notice] 8#8: start worker process 12
2023/06/20 18:09:38 [notice] 8#8: start worker process 13
2023/06/21 00:09:38 [notice] 14#14: signal process started
2023/06/21 00:09:38 [notice] 8#8: signal 1 (SIGHUP) received from 14, reconfiguring
2023/06/21 00:09:38 [notice] 8#8: reconfiguring
2023/06/21 00:09:38 [notice] 8#8: using the "epoll" event method
2023/06/21 00:09:38 [notice] 8#8: start worker processes
2023/06/21 00:09:38 [notice] 8#8: start worker process 16
2023/06/21 00:09:38 [notice] 8#8: start worker process 17
2023/06/21 00:09:38 [notice] 8#8: start worker process 18
2023/06/21 00:09:38 [notice] 8#8: start worker process 19
2023/06/21 00:09:39 [notice] 13#13: gracefully shutting down
2023/06/21 00:09:39 [notice] 10#10: gracefully shutting down
2023/06/21 00:09:39 [notice] 11#11: gracefully shutting down
2023/06/21 00:09:39 [notice] 13#13: exiting
2023/06/21 00:09:39 [notice] 11#11: exiting
2023/06/21 00:09:39 [notice] 12#12: gracefully shutting down
2023/06/21 00:09:39 [notice] 13#13: exit
2023/06/21 00:09:39 [notice] 10#10: exiting
2023/06/21 00:09:39 [notice] 11#11: exit
2023/06/21 00:09:39 [notice] 12#12: exiting
2023/06/21 00:09:39 [notice] 12#12: exit
2023/06/21 00:09:39 [notice] 10#10: exit
2023/06/21 00:09:39 [notice] 8#8: signal 17 (SIGCHLD) received from 12
2023/06/21 00:09:39 [notice] 8#8: worker process 11 exited with code 0
2023/06/21 00:09:39 [notice] 8#8: worker process 12 exited with code 0
2023/06/21 00:09:39 [notice] 8#8: signal 29 (SIGIO) received
2023/06/21 00:09:39 [notice] 8#8: signal 17 (SIGCHLD) received from 10
2023/06/21 00:09:39 [notice] 8#8: worker process 10 exited with code 0
2023/06/21 00:09:39 [notice] 8#8: signal 29 (SIGIO) received
2023/06/21 00:09:39 [notice] 8#8: signal 17 (SIGCHLD) received from 13
2023/06/21 00:09:39 [notice] 8#8: worker process 13 exited with code 0
2023/06/21 00:09:39 [notice] 8#8: signal 29 (SIGIO) received
2023/06/22 19:04:29 [notice] 8#8: using the "epoll" event method
2023/06/22 19:04:29 [notice] 8#8: nginx/1.23.3
2023/06/22 19:04:29 [notice] 8#8: built by gcc 10.2.1 20210110 (Debian 10.2.1-6) 
2023/06/22 19:04:29 [notice] 8#8: OS: Linux 5.15.49-linuxkit-pr
2023/06/22 19:04:29 [notice] 8#8: getrlimit(RLIMIT_NOFILE): 1048576:1048576
2023/06/22 19:04:29 [notice] 8#8: start worker processes
2023/06/22 19:04:29 [notice] 8#8: start worker process 10
2023/06/22 19:04:29 [notice] 8#8: start worker process 11
2023/06/22 19:04:29 [notice] 8#8: start worker process 12
2023/06/22 19:04:29 [notice] 8#8: start worker process 13
2023/06/28 16:52:57 [notice] 8#8: using the "epoll" event method
2023/06/28 16:52:57 [notice] 8#8: nginx/1.23.3
2023/06/28 16:52:57 [notice] 8#8: built by gcc 10.2.1 20210110 (Debian 10.2.1-6) 
2023/06/28 16:52:57 [notice] 8#8: OS: Linux 5.15.49-linuxkit-pr
2023/06/28 16:52:57 [notice] 8#8: getrlimit(RLIMIT_NOFILE): 1048576:1048576
2023/06/28 16:52:57 [notice] 8#8: start worker processes
2023/06/28 16:52:57 [notice] 8#8: start worker process 10
2023/06/28 16:52:57 [notice] 8#8: start worker process 11
2023/06/28 16:52:57 [notice] 8#8: start worker process 12
2023/06/28 16:52:57 [notice] 8#8: start worker process 13
2023/06/28 22:52:57 [notice] 14#14: signal process started
2023/06/28 22:52:57 [notice] 8#8: signal 1 (SIGHUP) received from 14, reconfiguring
2023/06/28 22:52:57 [notice] 8#8: reconfiguring
2023/06/28 22:52:57 [notice] 8#8: using the "epoll" event method
2023/06/28 22:52:57 [notice] 8#8: start worker processes
2023/06/28 22:52:57 [notice] 8#8: start worker process 16
2023/06/28 22:52:57 [notice] 8#8: start worker process 17
2023/06/28 22:52:57 [notice] 8#8: start worker process 18
2023/06/28 22:52:57 [notice] 8#8: start worker process 19
2023/06/28 22:52:57 [notice] 10#10: gracefully shutting down
2023/06/28 22:52:57 [notice] 13#13: gracefully shutting down
2023/06/28 22:52:57 [notice] 11#11: gracefully shutting down
2023/06/28 22:52:57 [notice] 12#12: gracefully shutting down
2023/06/28 22:52:57 [notice] 10#10: exiting
2023/06/28 22:52:57 [notice] 13#13: exiting
2023/06/28 22:52:57 [notice] 11#11: exiting
2023/06/28 22:52:57 [notice] 10#10: exit
2023/06/28 22:52:57 [notice] 12#12: exiting
2023/06/28 22:52:57 [notice] 12#12: exit
2023/06/28 22:52:57 [notice] 11#11: exit
2023/06/28 22:52:57 [notice] 13#13: exit
2023/06/28 22:52:57 [notice] 8#8: signal 17 (SIGCHLD) received from 13
2023/06/28 22:52:57 [notice] 8#8: worker process 10 exited with code 0
2023/06/28 22:52:57 [notice] 8#8: worker process 11 exited with code 0
2023/06/28 22:52:57 [notice] 8#8: worker process 12 exited with code 0
2023/06/28 22:52:57 [notice] 8#8: worker process 13 exited with code 0
2023/06/28 22:52:57 [notice] 8#8: signal 29 (SIGIO) received
2023/06/28 22:52:57 [notice] 8#8: signal 17 (SIGCHLD) received from 10
2023/07/03 23:03:37 [notice] 8#8: using the "epoll" event method
2023/07/03 23:03:37 [notice] 8#8: nginx/1.23.3
2023/07/03 23:03:37 [notice] 8#8: built by gcc 10.2.1 20210110 (Debian 10.2.1-6) 
2023/07/03 23:03:37 [notice] 8#8: OS: Linux 5.15.49-linuxkit-pr
2023/07/03 23:03:37 [notice] 8#8: getrlimit(RLIMIT_NOFILE): 1048576:1048576
2023/07/03 23:03:37 [notice] 8#8: start worker processes
2023/07/03 23:03:37 [notice] 8#8: start worker process 10
2023/07/03 23:03:37 [notice] 8#8: start worker process 11
2023/07/03 23:03:37 [notice] 8#8: start worker process 12
2023/07/03 23:03:37 [notice] 8#8: start worker process 13
2023/07/04 22:11:33 [notice] 8#8: using the "epoll" event method
2023/07/04 22:11:33 [notice] 8#8: nginx/1.23.3
2023/07/04 22:11:33 [notice] 8#8: built by gcc 10.2.1 20210110 (Debian 10.2.1-6) 
2023/07/04 22:11:33 [notice] 8#8: OS: Linux 5.15.49-linuxkit-pr
2023/07/04 22:11:33 [notice] 8#8: getrlimit(RLIMIT_NOFILE): 1048576:1048576
2023/07/04 22:11:33 [notice] 8#8: start worker processes
2023/07/04 22:11:33 [notice] 8#8: start worker process 10
2023/07/04 22:11:33 [notice] 8#8: start worker process 11
2023/07/04 22:11:33 [notice] 8#8: start worker process 12
2023/07/04 22:11:33 [notice] 8#8: start worker process 13
2023/07/11 00:00:02 [notice] 8#8: using the "epoll" event method
2023/07/11 00:00:02 [notice] 8#8: nginx/1.23.3
2023/07/11 00:00:02 [notice] 8#8: built by gcc 10.2.1 20210110 (Debian 10.2.1-6) 
2023/07/11 00:00:02 [notice] 8#8: OS: Linux 5.15.49-linuxkit-pr
2023/07/11 00:00:02 [notice] 8#8: getrlimit(RLIMIT_NOFILE): 1048576:1048576
2023/07/11 00:00:02 [notice] 8#8: start worker processes
2023/07/11 00:00:02 [notice] 8#8: start worker process 10
2023/07/11 00:00:02 [notice] 8#8: start worker process 11
2023/07/11 00:00:02 [notice] 8#8: start worker process 12
2023/07/11 00:00:02 [notice] 8#8: start worker process 13
2023/07/11 22:45:51 [notice] 8#8: using the "epoll" event method
2023/07/11 22:45:51 [notice] 8#8: nginx/1.23.3
2023/07/11 22:45:51 [notice] 8#8: built by gcc 10.2.1 20210110 (Debian 10.2.1-6) 
2023/07/11 22:45:51 [notice] 8#8: OS: Linux 5.15.49-linuxkit-pr
2023/07/11 22:45:51 [notice] 8#8: getrlimit(RLIMIT_NOFILE): 1048576:1048576
2023/07/11 22:45:51 [notice] 8#8: start worker processes
2023/07/11 22:45:51 [notice] 8#8: start worker process 10
2023/07/11 22:45:51 [notice] 8#8: start worker process 11
2023/07/11 22:45:51 [notice] 8#8: start worker process 12
2023/07/11 22:45:51 [notice] 8#8: start worker process 13
2023/07/13 00:39:29 [notice] 8#8: using the "epoll" event method
2023/07/13 00:39:29 [notice] 8#8: nginx/1.23.3
2023/07/13 00:39:29 [notice] 8#8: built by gcc 10.2.1 20210110 (Debian 10.2.1-6) 
2023/07/13 00:39:29 [notice] 8#8: OS: Linux 5.15.49-linuxkit-pr
2023/07/13 00:39:29 [notice] 8#8: getrlimit(RLIMIT_NOFILE): 1048576:1048576
2023/07/13 00:39:29 [notice] 8#8: start worker processes
2023/07/13 00:39:29 [notice] 8#8: start worker process 10
2023/07/13 00:39:29 [notice] 8#8: start worker process 11
2023/07/13 00:39:29 [notice] 8#8: start worker process 12
2023/07/13 00:39:29 [notice] 8#8: start worker process 13
2023/07/13 22:24:37 [notice] 8#8: using the "epoll" event method
2023/07/13 22:24:37 [notice] 8#8: nginx/1.23.3
2023/07/13 22:24:37 [notice] 8#8: built by gcc 10.2.1 20210110 (Debian 10.2.1-6) 
2023/07/13 22:24:37 [notice] 8#8: OS: Linux 5.15.49-linuxkit-pr
2023/07/13 22:24:37 [notice] 8#8: getrlimit(RLIMIT_NOFILE): 1048576:1048576
2023/07/13 22:24:37 [notice] 8#8: start worker processes
2023/07/13 22:24:37 [notice] 8#8: start worker process 10
2023/07/13 22:24:37 [notice] 8#8: start worker process 11
2023/07/13 22:24:37 [notice] 8#8: start worker process 12
2023/07/13 22:24:37 [notice] 8#8: start worker process 13
2023/07/14 18:34:17 [notice] 8#8: using the "epoll" event method
2023/07/14 18:34:17 [notice] 8#8: nginx/1.23.3
2023/07/14 18:34:17 [notice] 8#8: built by gcc 10.2.1 20210110 (Debian 10.2.1-6) 
2023/07/14 18:34:17 [notice] 8#8: OS: Linux 5.15.49-linuxkit-pr
2023/07/14 18:34:17 [notice] 8#8: getrlimit(RLIMIT_NOFILE): 1048576:1048576
2023/07/14 18:34:17 [notice] 8#8: start worker processes
2023/07/14 18:34:17 [notice] 8#8: start worker process 10
2023/07/14 18:34:17 [notice] 8#8: start worker process 11
2023/07/14 18:34:17 [notice] 8#8: start worker process 12
2023/07/14 18:34:17 [notice] 8#8: start worker process 13
2023/07/15 00:34:18 [notice] 14#14: signal process started
2023/07/15 00:34:18 [notice] 8#8: signal 1 (SIGHUP) received from 14, reconfiguring
2023/07/15 00:34:18 [notice] 8#8: reconfiguring
2023/07/15 00:34:18 [notice] 8#8: using the "epoll" event method
2023/07/15 00:34:18 [notice] 8#8: start worker processes
2023/07/15 00:34:18 [notice] 8#8: start worker process 16
2023/07/15 00:34:18 [notice] 8#8: start worker process 17
2023/07/15 00:34:18 [notice] 8#8: start worker process 18
2023/07/15 00:34:18 [notice] 8#8: start worker process 19
2023/07/15 00:34:18 [notice] 13#13: gracefully shutting down
2023/07/15 00:34:18 [notice] 11#11: gracefully shutting down
2023/07/15 00:34:18 [notice] 10#10: gracefully shutting down
2023/07/15 00:34:18 [notice] 12#12: gracefully shutting down
2023/07/15 00:34:18 [notice] 12#12: exiting
2023/07/15 00:34:18 [notice] 13#13: exiting
2023/07/15 00:34:18 [notice] 12#12: exit
2023/07/15 00:34:18 [notice] 13#13: exit
2023/07/15 00:34:18 [notice] 11#11: exiting
2023/07/15 00:34:18 [notice] 11#11: exit
2023/07/15 00:34:18 [notice] 10#10: exiting
2023/07/15 00:34:18 [notice] 10#10: exit
2023/07/15 00:34:18 [notice] 8#8: signal 17 (SIGCHLD) received from 11
2023/07/15 00:34:18 [notice] 8#8: worker process 11 exited with code 0
2023/07/15 00:34:18 [notice] 8#8: signal 29 (SIGIO) received
2023/07/15 00:34:18 [notice] 8#8: signal 17 (SIGCHLD) received from 12
2023/07/15 00:34:18 [notice] 8#8: worker process 12 exited with code 0
2023/07/15 00:34:18 [notice] 8#8: signal 29 (SIGIO) received
2023/07/15 00:34:18 [notice] 8#8: signal 17 (SIGCHLD) received from 10
2023/07/15 00:34:18 [notice] 8#8: worker process 10 exited with code 0
2023/07/15 00:34:18 [notice] 8#8: worker process 13 exited with code 0
2023/07/15 00:34:18 [notice] 8#8: signal 29 (SIGIO) received
2023/07/15 00:34:18 [notice] 8#8: signal 17 (SIGCHLD) received from 13
2023/07/18 17:57:46 [notice] 9#9: using the "epoll" event method
2023/07/18 17:57:46 [notice] 9#9: nginx/1.23.3
2023/07/18 17:57:46 [notice] 9#9: built by gcc 10.2.1 20210110 (Debian 10.2.1-6) 
2023/07/18 17:57:46 [notice] 9#9: OS: Linux 5.15.49-linuxkit-pr
2023/07/18 17:57:46 [notice] 9#9: getrlimit(RLIMIT_NOFILE): 1048576:1048576
2023/07/18 17:57:46 [notice] 9#9: start worker processes
2023/07/18 17:57:46 [notice] 9#9: start worker process 11
2023/07/18 17:57:46 [notice] 9#9: start worker process 12
2023/07/18 17:57:46 [notice] 9#9: start worker process 13
2023/07/18 17:57:46 [notice] 9#9: start worker process 14
2023/07/18 23:57:46 [notice] 15#15: signal process started
2023/07/18 23:57:46 [notice] 9#9: signal 1 (SIGHUP) received from 15, reconfiguring
2023/07/18 23:57:46 [notice] 9#9: reconfiguring
2023/07/18 23:57:46 [notice] 9#9: using the "epoll" event method
2023/07/18 23:57:46 [notice] 9#9: start worker processes
2023/07/18 23:57:46 [notice] 9#9: start worker process 17
2023/07/18 23:57:46 [notice] 9#9: start worker process 18
2023/07/18 23:57:46 [notice] 9#9: start worker process 19
2023/07/18 23:57:46 [notice] 9#9: start worker process 20
2023/07/18 23:57:47 [notice] 14#14: gracefully shutting down
2023/07/18 23:57:47 [notice] 11#11: gracefully shutting down
2023/07/18 23:57:47 [notice] 12#12: gracefully shutting down
2023/07/18 23:57:47 [notice] 13#13: gracefully shutting down
2023/07/18 23:57:47 [notice] 14#14: exiting
2023/07/18 23:57:47 [notice] 11#11: exiting
2023/07/18 23:57:47 [notice] 12#12: exiting
2023/07/18 23:57:47 [notice] 13#13: exiting
2023/07/18 23:57:47 [notice] 14#14: exit
2023/07/18 23:57:47 [notice] 12#12: exit
2023/07/18 23:57:47 [notice] 11#11: exit
2023/07/18 23:57:47 [notice] 13#13: exit
2023/07/18 23:57:47 [notice] 9#9: signal 17 (SIGCHLD) received from 11
2023/07/18 23:57:47 [notice] 9#9: worker process 11 exited with code 0
2023/07/18 23:57:47 [notice] 9#9: worker process 12 exited with code 0
2023/07/18 23:57:47 [notice] 9#9: worker process 13 exited with code 0
2023/07/18 23:57:47 [notice] 9#9: worker process 14 exited with code 0
2023/07/18 23:57:47 [notice] 9#9: signal 29 (SIGIO) received
2023/07/18 23:57:47 [notice] 9#9: signal 17 (SIGCHLD) received from 13
2023/07/26 23:27:49 [notice] 8#8: using the "epoll" event method
2023/07/26 23:27:49 [notice] 8#8: nginx/1.23.3
2023/07/26 23:27:49 [notice] 8#8: built by gcc 10.2.1 20210110 (Debian 10.2.1-6) 
2023/07/26 23:27:49 [notice] 8#8: OS: Linux 5.15.49-linuxkit-pr
2023/07/26 23:27:49 [notice] 8#8: getrlimit(RLIMIT_NOFILE): 1048576:1048576
2023/07/26 23:27:49 [notice] 8#8: start worker processes
2023/07/26 23:27:49 [notice] 8#8: start worker process 10
2023/07/26 23:27:49 [notice] 8#8: start worker process 11
2023/07/26 23:27:49 [notice] 8#8: start worker process 12
2023/07/26 23:27:49 [notice] 8#8: start worker process 13
2023/08/02 23:04:58 [notice] 8#8: using the "epoll" event method
2023/08/02 23:04:58 [notice] 8#8: nginx/1.23.3
2023/08/02 23:04:58 [notice] 8#8: built by gcc 10.2.1 20210110 (Debian 10.2.1-6) 
2023/08/02 23:04:58 [notice] 8#8: OS: Linux 5.15.49-linuxkit-pr
2023/08/02 23:04:58 [notice] 8#8: getrlimit(RLIMIT_NOFILE): 1048576:1048576
2023/08/02 23:04:58 [notice] 8#8: start worker processes
2023/08/02 23:04:58 [notice] 8#8: start worker process 10
2023/08/02 23:04:58 [notice] 8#8: start worker process 11
2023/08/02 23:04:58 [notice] 8#8: start worker process 12
2023/08/02 23:04:58 [notice] 8#8: start worker process 13
2023/08/04 23:19:14 [notice] 8#8: using the "epoll" event method
2023/08/04 23:19:14 [notice] 8#8: nginx/1.23.3
2023/08/04 23:19:14 [notice] 8#8: built by gcc 10.2.1 20210110 (Debian 10.2.1-6) 
2023/08/04 23:19:14 [notice] 8#8: OS: Linux 5.15.49-linuxkit-pr
2023/08/04 23:19:14 [notice] 8#8: getrlimit(RLIMIT_NOFILE): 1048576:1048576
2023/08/04 23:19:14 [notice] 8#8: start worker processes
2023/08/04 23:19:14 [notice] 8#8: start worker process 10
2023/08/04 23:19:14 [notice] 8#8: start worker process 11
2023/08/04 23:19:14 [notice] 8#8: start worker process 12
2023/08/04 23:19:14 [notice] 8#8: start worker process 13
2023/08/05 00:40:46 [error] 13#13: *99 upstream timed out (110: Connection timed out) while reading response header from upstream, client: 172.20.0.1, server: , request: "POST /api/catalogos/cargar/sepomex HTTP/1.1", upstream: "fastcgi://172.20.0.3:9000", host: "localhost:90", referrer: "http://localhost:90/catalogos"
2023/08/14 15:02:40 [notice] 8#8: using the "epoll" event method
2023/08/14 15:02:40 [notice] 8#8: nginx/1.23.3
2023/08/14 15:02:40 [notice] 8#8: built by gcc 10.2.1 20210110 (Debian 10.2.1-6) 
2023/08/14 15:02:40 [notice] 8#8: OS: Linux 5.15.49-linuxkit-pr
2023/08/14 15:02:40 [notice] 8#8: getrlimit(RLIMIT_NOFILE): 1048576:1048576
2023/08/14 15:02:40 [notice] 8#8: start worker processes
2023/08/14 15:02:40 [notice] 8#8: start worker process 10
2023/08/14 15:02:40 [notice] 8#8: start worker process 11
2023/08/14 15:02:40 [notice] 8#8: start worker process 12
2023/08/14 15:02:40 [notice] 8#8: start worker process 13
2023/08/14 21:02:41 [notice] 14#14: signal process started
2023/08/14 21:02:41 [notice] 8#8: signal 1 (SIGHUP) received from 14, reconfiguring
2023/08/14 21:02:41 [notice] 8#8: reconfiguring
2023/08/14 21:02:41 [notice] 8#8: using the "epoll" event method
2023/08/14 21:02:41 [notice] 8#8: start worker processes
2023/08/14 21:02:41 [notice] 8#8: start worker process 16
2023/08/14 21:02:41 [notice] 8#8: start worker process 17
2023/08/14 21:02:41 [notice] 8#8: start worker process 18
2023/08/14 21:02:41 [notice] 8#8: start worker process 19
2023/08/14 21:02:41 [notice] 10#10: gracefully shutting down
2023/08/14 21:02:41 [notice] 13#13: gracefully shutting down
2023/08/14 21:02:41 [notice] 11#11: gracefully shutting down
2023/08/14 21:02:41 [notice] 12#12: gracefully shutting down
2023/08/14 21:02:41 [notice] 10#10: exiting
2023/08/14 21:02:41 [notice] 13#13: exiting
2023/08/14 21:02:41 [notice] 10#10: exit
2023/08/14 21:02:41 [notice] 11#11: exiting
2023/08/14 21:02:41 [notice] 12#12: exiting
2023/08/14 21:02:41 [notice] 12#12: exit
2023/08/14 21:02:41 [notice] 13#13: exit
2023/08/14 21:02:41 [notice] 11#11: exit
2023/08/14 21:02:41 [notice] 8#8: signal 17 (SIGCHLD) received from 13
2023/08/14 21:02:41 [notice] 8#8: worker process 12 exited with code 0
2023/08/14 21:02:41 [notice] 8#8: worker process 13 exited with code 0
2023/08/14 21:02:41 [notice] 8#8: signal 29 (SIGIO) received
2023/08/14 21:02:41 [notice] 8#8: signal 17 (SIGCHLD) received from 10
2023/08/14 21:02:41 [notice] 8#8: worker process 10 exited with code 0
2023/08/14 21:02:41 [notice] 8#8: worker process 11 exited with code 0
2023/08/14 21:02:41 [notice] 8#8: signal 29 (SIGIO) received
2023/08/14 21:02:41 [notice] 8#8: signal 17 (SIGCHLD) received from 11
2023/08/19 00:03:36 [notice] 7#7: using the "epoll" event method
2023/08/19 00:03:36 [notice] 7#7: nginx/1.23.3
2023/08/19 00:03:36 [notice] 7#7: built by gcc 10.2.1 20210110 (Debian 10.2.1-6) 
2023/08/19 00:03:36 [notice] 7#7: OS: Linux 5.15.49-linuxkit-pr
2023/08/19 00:03:36 [notice] 7#7: getrlimit(RLIMIT_NOFILE): 1048576:1048576
2023/08/19 00:03:36 [notice] 7#7: start worker processes
2023/08/19 00:03:36 [notice] 7#7: start worker process 9
2023/08/19 00:03:36 [notice] 7#7: start worker process 10
2023/08/19 00:03:36 [notice] 7#7: start worker process 11
2023/08/19 00:03:36 [notice] 7#7: start worker process 12
2023/08/30 00:20:24 [notice] 8#8: using the "epoll" event method
2023/08/30 00:20:24 [notice] 8#8: nginx/1.23.3
2023/08/30 00:20:24 [notice] 8#8: built by gcc 10.2.1 20210110 (Debian 10.2.1-6) 
2023/08/30 00:20:24 [notice] 8#8: OS: Linux 5.15.49-linuxkit-pr
2023/08/30 00:20:24 [notice] 8#8: getrlimit(RLIMIT_NOFILE): 1048576:1048576
2023/08/30 00:20:24 [notice] 8#8: start worker processes
2023/08/30 00:20:24 [notice] 8#8: start worker process 10
2023/08/30 00:20:24 [notice] 8#8: start worker process 11
2023/08/30 00:20:24 [notice] 8#8: start worker process 12
2023/08/30 00:20:24 [notice] 8#8: start worker process 13
2023/08/30 18:50:04 [notice] 8#8: using the "epoll" event method
2023/08/30 18:50:04 [notice] 8#8: nginx/1.23.3
2023/08/30 18:50:04 [notice] 8#8: built by gcc 10.2.1 20210110 (Debian 10.2.1-6) 
2023/08/30 18:50:04 [notice] 8#8: OS: Linux 5.15.49-linuxkit-pr
2023/08/30 18:50:04 [notice] 8#8: getrlimit(RLIMIT_NOFILE): 1048576:1048576
2023/08/30 18:50:04 [notice] 8#8: start worker processes
2023/08/30 18:50:04 [notice] 8#8: start worker process 10
2023/08/30 18:50:04 [notice] 8#8: start worker process 11
2023/08/30 18:50:04 [notice] 8#8: start worker process 12
2023/08/30 18:50:04 [notice] 8#8: start worker process 13
2023/08/31 00:50:04 [notice] 14#14: signal process started
2023/08/31 00:50:04 [notice] 8#8: signal 1 (SIGHUP) received from 14, reconfiguring
2023/08/31 00:50:04 [notice] 8#8: reconfiguring
2023/08/31 00:50:04 [notice] 8#8: using the "epoll" event method
2023/08/31 00:50:04 [notice] 8#8: start worker processes
2023/08/31 00:50:04 [notice] 8#8: start worker process 16
2023/08/31 00:50:04 [notice] 8#8: start worker process 17
2023/08/31 00:50:04 [notice] 8#8: start worker process 18
2023/08/31 00:50:04 [notice] 8#8: start worker process 19
2023/08/31 00:50:04 [notice] 13#13: gracefully shutting down
2023/08/31 00:50:04 [notice] 12#12: gracefully shutting down
2023/08/31 00:50:04 [notice] 10#10: gracefully shutting down
2023/08/31 00:50:04 [notice] 11#11: gracefully shutting down
2023/08/31 00:50:04 [notice] 13#13: exiting
2023/08/31 00:50:04 [notice] 12#12: exiting
2023/08/31 00:50:04 [notice] 10#10: exiting
2023/08/31 00:50:04 [notice] 11#11: exiting
2023/08/31 00:50:04 [notice] 13#13: exit
2023/08/31 00:50:04 [notice] 12#12: exit
2023/08/31 00:50:04 [notice] 10#10: exit
2023/08/31 00:50:04 [notice] 11#11: exit
2023/08/31 00:50:04 [notice] 8#8: signal 17 (SIGCHLD) received from 11
2023/08/31 00:50:04 [notice] 8#8: worker process 11 exited with code 0
2023/08/31 00:50:04 [notice] 8#8: worker process 12 exited with code 0
2023/08/31 00:50:04 [notice] 8#8: signal 29 (SIGIO) received
2023/08/31 00:50:04 [notice] 8#8: signal 17 (SIGCHLD) received from 10
2023/08/31 00:50:04 [notice] 8#8: worker process 10 exited with code 0
2023/08/31 00:50:04 [notice] 8#8: signal 29 (SIGIO) received
2023/08/31 00:50:04 [notice] 8#8: signal 17 (SIGCHLD) received from 13
2023/08/31 00:50:04 [notice] 8#8: worker process 13 exited with code 0
2023/08/31 00:50:04 [notice] 8#8: signal 29 (SIGIO) received
2023/08/31 22:18:31 [notice] 8#8: using the "epoll" event method
2023/08/31 22:18:31 [notice] 8#8: nginx/1.23.3
2023/08/31 22:18:31 [notice] 8#8: built by gcc 10.2.1 20210110 (Debian 10.2.1-6) 
2023/08/31 22:18:31 [notice] 8#8: OS: Linux 5.15.49-linuxkit-pr
2023/08/31 22:18:31 [notice] 8#8: getrlimit(RLIMIT_NOFILE): 1048576:1048576
2023/08/31 22:18:31 [notice] 8#8: start worker processes
2023/08/31 22:18:31 [notice] 8#8: start worker process 10
2023/08/31 22:18:31 [notice] 8#8: start worker process 11
2023/08/31 22:18:31 [notice] 8#8: start worker process 12
2023/08/31 22:18:31 [notice] 8#8: start worker process 13
2023/09/01 23:17:54 [notice] 8#8: using the "epoll" event method
2023/09/01 23:17:54 [notice] 8#8: nginx/1.23.3
2023/09/01 23:17:54 [notice] 8#8: built by gcc 10.2.1 20210110 (Debian 10.2.1-6) 
2023/09/01 23:17:54 [notice] 8#8: OS: Linux 5.15.49-linuxkit-pr
2023/09/01 23:17:54 [notice] 8#8: getrlimit(RLIMIT_NOFILE): 1048576:1048576
2023/09/01 23:17:54 [notice] 8#8: start worker processes
2023/09/01 23:17:54 [notice] 8#8: start worker process 10
2023/09/01 23:17:54 [notice] 8#8: start worker process 11
2023/09/01 23:17:54 [notice] 8#8: start worker process 12
2023/09/01 23:17:54 [notice] 8#8: start worker process 13
2023/09/04 17:33:57 [notice] 8#8: using the "epoll" event method
2023/09/04 17:33:57 [notice] 8#8: nginx/1.23.3
2023/09/04 17:33:57 [notice] 8#8: built by gcc 10.2.1 20210110 (Debian 10.2.1-6) 
2023/09/04 17:33:57 [notice] 8#8: OS: Linux 5.15.49-linuxkit-pr
2023/09/04 17:33:57 [notice] 8#8: getrlimit(RLIMIT_NOFILE): 1048576:1048576
2023/09/04 17:33:57 [notice] 8#8: start worker processes
2023/09/04 17:33:57 [notice] 8#8: start worker process 10
2023/09/04 17:33:57 [notice] 8#8: start worker process 11
2023/09/04 17:33:57 [notice] 8#8: start worker process 12
2023/09/04 17:33:57 [notice] 8#8: start worker process 13
2023/09/05 22:22:16 [notice] 8#8: using the "epoll" event method
2023/09/05 22:22:16 [notice] 8#8: nginx/1.23.3
2023/09/05 22:22:16 [notice] 8#8: built by gcc 10.2.1 20210110 (Debian 10.2.1-6) 
2023/09/05 22:22:16 [notice] 8#8: OS: Linux 5.15.49-linuxkit-pr
2023/09/05 22:22:16 [notice] 8#8: getrlimit(RLIMIT_NOFILE): 1048576:1048576
2023/09/05 22:22:16 [notice] 8#8: start worker processes
2023/09/05 22:22:16 [notice] 8#8: start worker process 10
2023/09/05 22:22:16 [notice] 8#8: start worker process 11
2023/09/05 22:22:16 [notice] 8#8: start worker process 12
2023/09/05 22:22:16 [notice] 8#8: start worker process 13
2023/09/05 23:13:39 [error] 10#10: *57 upstream timed out (110: Connection timed out) while reading response header from upstream, client: 172.20.0.1, server: , request: "POST /api/catalogos/cargar/sepomex HTTP/1.1", upstream: "fastcgi://172.20.0.3:9000", host: "localhost:90", referrer: "http://localhost:90/catalogos"
2023/09/05 23:15:26 [error] 10#10: *57 upstream timed out (110: Connection timed out) while reading response header from upstream, client: 172.20.0.1, server: , request: "POST /api/catalogos/cargar/sepomex HTTP/1.1", upstream: "fastcgi://172.20.0.3:9000", host: "localhost:90", referrer: "http://localhost:90/catalogos"
2023/09/06 00:06:28 [error] 13#13: *116 upstream timed out (110: Connection timed out) while reading response header from upstream, client: 172.20.0.1, server: , request: "POST /api/catalogos/cargar/sepomex HTTP/1.1", upstream: "fastcgi://172.20.0.3:9000", host: "localhost:90", referrer: "http://localhost:90/catalogos"
2023/09/11 15:30:17 [notice] 8#8: using the "epoll" event method
2023/09/11 15:30:17 [notice] 8#8: nginx/1.23.3
2023/09/11 15:30:17 [notice] 8#8: built by gcc 10.2.1 20210110 (Debian 10.2.1-6) 
2023/09/11 15:30:17 [notice] 8#8: OS: Linux 5.15.49-linuxkit-pr
2023/09/11 15:30:17 [notice] 8#8: getrlimit(RLIMIT_NOFILE): 1048576:1048576
2023/09/11 15:30:17 [notice] 8#8: start worker processes
2023/09/11 15:30:17 [notice] 8#8: start worker process 10
2023/09/11 15:30:17 [notice] 8#8: start worker process 11
2023/09/11 15:30:17 [notice] 8#8: start worker process 12
2023/09/11 15:30:17 [notice] 8#8: start worker process 13
2023/09/11 22:50:22 [notice] 8#8: using the "epoll" event method
2023/09/11 22:50:22 [notice] 8#8: nginx/1.23.3
2023/09/11 22:50:22 [notice] 8#8: built by gcc 10.2.1 20210110 (Debian 10.2.1-6) 
2023/09/11 22:50:22 [notice] 8#8: OS: Linux 5.15.49-linuxkit-pr
2023/09/11 22:50:22 [notice] 8#8: getrlimit(RLIMIT_NOFILE): 1048576:1048576
2023/09/11 22:50:22 [notice] 8#8: start worker processes
2023/09/11 22:50:22 [notice] 8#8: start worker process 10
2023/09/11 22:50:22 [notice] 8#8: start worker process 11
2023/09/11 22:50:22 [notice] 8#8: start worker process 12
2023/09/11 22:50:22 [notice] 8#8: start worker process 13
2023/09/13 22:56:42 [notice] 8#8: using the "epoll" event method
2023/09/13 22:56:42 [notice] 8#8: nginx/1.23.3
2023/09/13 22:56:42 [notice] 8#8: built by gcc 10.2.1 20210110 (Debian 10.2.1-6) 
2023/09/13 22:56:42 [notice] 8#8: OS: Linux 5.15.49-linuxkit-pr
2023/09/13 22:56:42 [notice] 8#8: getrlimit(RLIMIT_NOFILE): 1048576:1048576
2023/09/13 22:56:42 [notice] 8#8: start worker processes
2023/09/13 22:56:42 [notice] 8#8: start worker process 10
2023/09/13 22:56:42 [notice] 8#8: start worker process 11
2023/09/13 22:56:42 [notice] 8#8: start worker process 12
2023/09/13 22:56:42 [notice] 8#8: start worker process 13
2023/09/18 18:51:09 [notice] 8#8: using the "epoll" event method
2023/09/18 18:51:09 [notice] 8#8: nginx/1.23.3
2023/09/18 18:51:09 [notice] 8#8: built by gcc 10.2.1 20210110 (Debian 10.2.1-6) 
2023/09/18 18:51:09 [notice] 8#8: OS: Linux 5.15.49-linuxkit-pr
2023/09/18 18:51:09 [notice] 8#8: getrlimit(RLIMIT_NOFILE): 1048576:1048576
2023/09/18 18:51:09 [notice] 8#8: start worker processes
2023/09/18 18:51:09 [notice] 8#8: start worker process 10
2023/09/18 18:51:09 [notice] 8#8: start worker process 11
2023/09/18 18:51:09 [notice] 8#8: start worker process 12
2023/09/18 18:51:09 [notice] 8#8: start worker process 13
2023/09/19 00:20:16 [notice] 8#8: using the "epoll" event method
2023/09/19 00:20:16 [notice] 8#8: nginx/1.23.3
2023/09/19 00:20:16 [notice] 8#8: built by gcc 10.2.1 20210110 (Debian 10.2.1-6) 
2023/09/19 00:20:16 [notice] 8#8: OS: Linux 5.15.49-linuxkit-pr
2023/09/19 00:20:16 [notice] 8#8: getrlimit(RLIMIT_NOFILE): 1048576:1048576
2023/09/19 00:20:16 [notice] 8#8: start worker processes
2023/09/19 00:20:16 [notice] 8#8: start worker process 10
2023/09/19 00:20:16 [notice] 8#8: start worker process 11
2023/09/19 00:20:16 [notice] 8#8: start worker process 12
2023/09/19 00:20:16 [notice] 8#8: start worker process 13
2023/09/19 00:22:03 [notice] 8#8: using the "epoll" event method
2023/09/19 00:22:03 [notice] 8#8: nginx/1.23.3
2023/09/19 00:22:03 [notice] 8#8: built by gcc 10.2.1 20210110 (Debian 10.2.1-6) 
2023/09/19 00:22:03 [notice] 8#8: OS: Linux 5.15.49-linuxkit-pr
2023/09/19 00:22:03 [notice] 8#8: getrlimit(RLIMIT_NOFILE): 1048576:1048576
2023/09/19 00:22:03 [notice] 8#8: start worker processes
2023/09/19 00:22:03 [notice] 8#8: start worker process 10
2023/09/19 00:22:03 [notice] 8#8: start worker process 11
2023/09/19 00:22:03 [notice] 8#8: start worker process 12
2023/09/19 00:22:03 [notice] 8#8: start worker process 13
2023/09/19 18:22:34 [notice] 8#8: using the "epoll" event method
2023/09/19 18:22:34 [notice] 8#8: nginx/1.23.3
2023/09/19 18:22:34 [notice] 8#8: built by gcc 10.2.1 20210110 (Debian 10.2.1-6) 
2023/09/19 18:22:34 [notice] 8#8: OS: Linux 5.15.49-linuxkit-pr
2023/09/19 18:22:34 [notice] 8#8: getrlimit(RLIMIT_NOFILE): 1048576:1048576
2023/09/19 18:22:34 [notice] 8#8: start worker processes
2023/09/19 18:22:34 [notice] 8#8: start worker process 10
2023/09/19 18:22:34 [notice] 8#8: start worker process 11
2023/09/19 18:22:34 [notice] 8#8: start worker process 12
2023/09/19 18:22:34 [notice] 8#8: start worker process 13
2023/09/19 19:14:14 [notice] 9#9: using the "epoll" event method
2023/09/19 19:14:14 [notice] 9#9: nginx/1.23.3
2023/09/19 19:14:14 [notice] 9#9: built by gcc 10.2.1 20210110 (Debian 10.2.1-6) 
2023/09/19 19:14:14 [notice] 9#9: OS: Linux 5.15.49-linuxkit-pr
2023/09/19 19:14:14 [notice] 9#9: getrlimit(RLIMIT_NOFILE): 1048576:1048576
2023/09/19 19:14:14 [notice] 9#9: start worker processes
2023/09/19 19:14:14 [notice] 9#9: start worker process 11
2023/09/19 19:14:14 [notice] 9#9: start worker process 12
2023/09/19 19:14:14 [notice] 9#9: start worker process 13
2023/09/19 19:14:14 [notice] 9#9: start worker process 14
2023/09/22 00:19:26 [notice] 7#7: using the "epoll" event method
2023/09/22 00:19:26 [notice] 7#7: nginx/1.23.3
2023/09/22 00:19:26 [notice] 7#7: built by gcc 10.2.1 20210110 (Debian 10.2.1-6) 
2023/09/22 00:19:26 [notice] 7#7: OS: Linux 5.15.49-linuxkit-pr
2023/09/22 00:19:26 [notice] 7#7: getrlimit(RLIMIT_NOFILE): 1048576:1048576
2023/09/22 00:19:26 [notice] 7#7: start worker processes
2023/09/22 00:19:26 [notice] 7#7: start worker process 9
2023/09/22 00:19:26 [notice] 7#7: start worker process 10
2023/09/22 00:19:26 [notice] 7#7: start worker process 11
2023/09/22 00:19:26 [notice] 7#7: start worker process 12
2023/09/25 22:45:29 [notice] 8#8: using the "epoll" event method
2023/09/25 22:45:29 [notice] 8#8: nginx/1.23.3
2023/09/25 22:45:29 [notice] 8#8: built by gcc 10.2.1 20210110 (Debian 10.2.1-6) 
2023/09/25 22:45:29 [notice] 8#8: OS: Linux 5.15.49-linuxkit-pr
2023/09/25 22:45:29 [notice] 8#8: getrlimit(RLIMIT_NOFILE): 1048576:1048576
2023/09/25 22:45:29 [notice] 8#8: start worker processes
2023/09/25 22:45:29 [notice] 8#8: start worker process 10
2023/09/25 22:45:29 [notice] 8#8: start worker process 11
2023/09/25 22:45:29 [notice] 8#8: start worker process 12
2023/09/25 22:45:29 [notice] 8#8: start worker process 13
2023/09/26 23:05:25 [notice] 8#8: using the "epoll" event method
2023/09/26 23:05:25 [notice] 8#8: nginx/1.23.3
2023/09/26 23:05:25 [notice] 8#8: built by gcc 10.2.1 20210110 (Debian 10.2.1-6) 
2023/09/26 23:05:25 [notice] 8#8: OS: Linux 5.15.49-linuxkit-pr
2023/09/26 23:05:25 [notice] 8#8: getrlimit(RLIMIT_NOFILE): 1048576:1048576
2023/09/26 23:05:25 [notice] 8#8: start worker processes
2023/09/26 23:05:25 [notice] 8#8: start worker process 10
2023/09/26 23:05:25 [notice] 8#8: start worker process 11
2023/09/26 23:05:25 [notice] 8#8: start worker process 12
2023/09/26 23:05:25 [notice] 8#8: start worker process 13
2023/09/27 23:18:43 [notice] 8#8: using the "epoll" event method
2023/09/27 23:18:43 [notice] 8#8: nginx/1.23.3
2023/09/27 23:18:43 [notice] 8#8: built by gcc 10.2.1 20210110 (Debian 10.2.1-6) 
2023/09/27 23:18:43 [notice] 8#8: OS: Linux 5.15.49-linuxkit-pr
2023/09/27 23:18:43 [notice] 8#8: getrlimit(RLIMIT_NOFILE): 1048576:1048576
2023/09/27 23:18:43 [notice] 8#8: start worker processes
2023/09/27 23:18:43 [notice] 8#8: start worker process 10
2023/09/27 23:18:43 [notice] 8#8: start worker process 11
2023/09/27 23:18:43 [notice] 8#8: start worker process 12
2023/09/27 23:18:43 [notice] 8#8: start worker process 13
2023/09/28 22:28:47 [notice] 8#8: using the "epoll" event method
2023/09/28 22:28:47 [notice] 8#8: nginx/1.23.3
2023/09/28 22:28:47 [notice] 8#8: built by gcc 10.2.1 20210110 (Debian 10.2.1-6) 
2023/09/28 22:28:47 [notice] 8#8: OS: Linux 5.15.49-linuxkit-pr
2023/09/28 22:28:47 [notice] 8#8: getrlimit(RLIMIT_NOFILE): 1048576:1048576
2023/09/28 22:28:47 [notice] 8#8: start worker processes
2023/09/28 22:28:47 [notice] 8#8: start worker process 10
2023/09/28 22:28:47 [notice] 8#8: start worker process 11
2023/09/28 22:28:47 [notice] 8#8: start worker process 12
2023/09/28 22:28:47 [notice] 8#8: start worker process 13
2023/09/29 19:26:43 [emerg] 7#7: host not found in upstream "phpyucashportal" in /etc/nginx/conf.d/default.conf:25
2023/09/29 19:26:59 [emerg] 8#8: host not found in upstream "phpyucashportal" in /etc/nginx/conf.d/default.conf:25
2023/09/29 19:29:59 [emerg] 8#8: host not found in upstream "phpyucashportal" in /etc/nginx/conf.d/default.conf:25
2023/09/29 19:30:08 [emerg] 8#8: host not found in upstream "phpyucashportal" in /etc/nginx/conf.d/default.conf:25
2023/09/29 19:30:12 [emerg] 8#8: host not found in upstream "phpyucashportal" in /etc/nginx/conf.d/default.conf:25
2023/09/29 19:32:55 [notice] 8#8: using the "epoll" event method
2023/09/29 19:32:55 [notice] 8#8: nginx/1.23.3
2023/09/29 19:32:55 [notice] 8#8: built by gcc 10.2.1 20210110 (Debian 10.2.1-6) 
2023/09/29 19:32:55 [notice] 8#8: OS: Linux 5.15.49-linuxkit-pr
2023/09/29 19:32:55 [notice] 8#8: getrlimit(RLIMIT_NOFILE): 1048576:1048576
2023/09/29 19:32:55 [notice] 8#8: start worker processes
2023/09/29 19:32:55 [notice] 8#8: start worker process 10
2023/09/29 19:32:55 [notice] 8#8: start worker process 11
2023/09/29 19:32:55 [notice] 8#8: start worker process 12
2023/09/29 19:32:55 [notice] 8#8: start worker process 13
2023/09/29 19:38:28 [notice] 8#8: using the "epoll" event method
2023/09/29 19:38:28 [notice] 8#8: nginx/1.23.3
2023/09/29 19:38:28 [notice] 8#8: built by gcc 10.2.1 20210110 (Debian 10.2.1-6) 
2023/09/29 19:38:28 [notice] 8#8: OS: Linux 5.15.49-linuxkit-pr
2023/09/29 19:38:28 [notice] 8#8: getrlimit(RLIMIT_NOFILE): 1048576:1048576
2023/09/29 19:38:28 [notice] 8#8: start worker processes
2023/09/29 19:38:28 [notice] 8#8: start worker process 10
2023/09/29 19:38:28 [notice] 8#8: start worker process 11
2023/09/29 19:38:28 [notice] 8#8: start worker process 12
2023/09/29 19:38:28 [notice] 8#8: start worker process 13
2023/09/29 19:45:20 [notice] 8#8: using the "epoll" event method
2023/09/29 19:45:20 [notice] 8#8: nginx/1.23.3
2023/09/29 19:45:20 [notice] 8#8: built by gcc 10.2.1 20210110 (Debian 10.2.1-6) 
2023/09/29 19:45:20 [notice] 8#8: OS: Linux 5.15.49-linuxkit-pr
2023/09/29 19:45:20 [notice] 8#8: getrlimit(RLIMIT_NOFILE): 1048576:1048576
2023/09/29 19:45:20 [notice] 8#8: start worker processes
2023/09/29 19:45:20 [notice] 8#8: start worker process 10
2023/09/29 19:45:20 [notice] 8#8: start worker process 11
2023/09/29 19:45:20 [notice] 8#8: start worker process 12
2023/09/29 19:45:20 [notice] 8#8: start worker process 13
2023/09/29 19:55:45 [notice] 8#8: using the "epoll" event method
2023/09/29 19:55:45 [notice] 8#8: nginx/1.23.3
2023/09/29 19:55:45 [notice] 8#8: built by gcc 10.2.1 20210110 (Debian 10.2.1-6) 
2023/09/29 19:55:45 [notice] 8#8: OS: Linux 5.15.49-linuxkit-pr
2023/09/29 19:55:45 [notice] 8#8: getrlimit(RLIMIT_NOFILE): 1048576:1048576
2023/09/29 19:55:45 [notice] 8#8: start worker processes
2023/09/29 19:55:45 [notice] 8#8: start worker process 10
2023/09/29 19:55:45 [notice] 8#8: start worker process 11
2023/09/29 19:55:45 [notice] 8#8: start worker process 12
2023/09/29 19:55:45 [notice] 8#8: start worker process 13
2023/09/29 20:22:18 [notice] 9#9: using the "epoll" event method
2023/09/29 20:22:18 [notice] 9#9: nginx/1.23.3
2023/09/29 20:22:18 [notice] 9#9: built by gcc 10.2.1 20210110 (Debian 10.2.1-6) 
2023/09/29 20:22:18 [notice] 9#9: OS: Linux 5.15.49-linuxkit-pr
2023/09/29 20:22:18 [notice] 9#9: getrlimit(RLIMIT_NOFILE): 1048576:1048576
2023/09/29 20:22:18 [notice] 9#9: start worker processes
2023/09/29 20:22:18 [notice] 9#9: start worker process 11
2023/09/29 20:22:18 [notice] 9#9: start worker process 12
2023/09/29 20:22:18 [notice] 9#9: start worker process 13
2023/09/29 20:22:18 [notice] 9#9: start worker process 14
2023/09/29 21:04:38 [notice] 8#8: using the "epoll" event method
2023/09/29 21:04:38 [notice] 8#8: nginx/1.23.3
2023/09/29 21:04:38 [notice] 8#8: built by gcc 10.2.1 20210110 (Debian 10.2.1-6) 
2023/09/29 21:04:38 [notice] 8#8: OS: Linux 5.15.49-linuxkit-pr
2023/09/29 21:04:38 [notice] 8#8: getrlimit(RLIMIT_NOFILE): 1048576:1048576
2023/09/29 21:04:38 [notice] 8#8: start worker processes
2023/09/29 21:04:38 [notice] 8#8: start worker process 10
2023/09/29 21:04:38 [notice] 8#8: start worker process 11
2023/09/29 21:04:38 [notice] 8#8: start worker process 12
2023/09/29 21:04:38 [notice] 8#8: start worker process 13
2023/10/02 19:12:06 [notice] 9#9: using the "epoll" event method
2023/10/02 19:12:06 [notice] 9#9: nginx/1.23.3
2023/10/02 19:12:06 [notice] 9#9: built by gcc 10.2.1 20210110 (Debian 10.2.1-6) 
2023/10/02 19:12:06 [notice] 9#9: OS: Linux 5.15.49-linuxkit-pr
2023/10/02 19:12:06 [notice] 9#9: getrlimit(RLIMIT_NOFILE): 1048576:1048576
2023/10/02 19:12:06 [notice] 9#9: start worker processes
2023/10/02 19:12:06 [notice] 9#9: start worker process 11
2023/10/02 19:12:06 [notice] 9#9: start worker process 12
2023/10/02 19:12:06 [notice] 9#9: start worker process 13
2023/10/02 19:12:06 [notice] 9#9: start worker process 14
2023/10/03 20:35:49 [notice] 8#8: using the "epoll" event method
2023/10/03 20:35:49 [notice] 8#8: nginx/1.23.3
2023/10/03 20:35:49 [notice] 8#8: built by gcc 10.2.1 20210110 (Debian 10.2.1-6) 
2023/10/03 20:35:49 [notice] 8#8: OS: Linux 5.15.49-linuxkit-pr
2023/10/03 20:35:49 [notice] 8#8: getrlimit(RLIMIT_NOFILE): 1048576:1048576
2023/10/03 20:35:49 [notice] 8#8: start worker processes
2023/10/03 20:35:49 [notice] 8#8: start worker process 10
2023/10/03 20:35:49 [notice] 8#8: start worker process 11
2023/10/03 20:35:49 [notice] 8#8: start worker process 12
2023/10/03 20:35:49 [notice] 8#8: start worker process 13
2023/10/04 14:36:59 [notice] 8#8: using the "epoll" event method
2023/10/04 14:36:59 [notice] 8#8: nginx/1.23.3
2023/10/04 14:36:59 [notice] 8#8: built by gcc 10.2.1 20210110 (Debian 10.2.1-6) 
2023/10/04 14:36:59 [notice] 8#8: OS: Linux 5.15.49-linuxkit-pr
2023/10/04 14:36:59 [notice] 8#8: getrlimit(RLIMIT_NOFILE): 1048576:1048576
2023/10/04 14:36:59 [notice] 8#8: start worker processes
2023/10/04 14:36:59 [notice] 8#8: start worker process 10
2023/10/04 14:36:59 [notice] 8#8: start worker process 11
2023/10/04 14:36:59 [notice] 8#8: start worker process 12
2023/10/04 14:36:59 [notice] 8#8: start worker process 13
2023/10/04 17:52:32 [notice] 7#7: using the "epoll" event method
2023/10/04 17:52:32 [notice] 7#7: nginx/1.23.3
2023/10/04 17:52:32 [notice] 7#7: built by gcc 10.2.1 20210110 (Debian 10.2.1-6) 
2023/10/04 17:52:32 [notice] 7#7: OS: Linux 5.15.49-linuxkit-pr
2023/10/04 17:52:32 [notice] 7#7: getrlimit(RLIMIT_NOFILE): 1048576:1048576
2023/10/04 17:52:32 [notice] 7#7: start worker processes
2023/10/04 17:52:32 [notice] 7#7: start worker process 9
2023/10/04 17:52:32 [notice] 7#7: start worker process 10
2023/10/04 17:52:32 [notice] 7#7: start worker process 11
2023/10/04 17:52:32 [notice] 7#7: start worker process 12
2023/10/04 23:52:32 [notice] 13#13: signal process started
2023/10/04 23:52:32 [notice] 7#7: signal 1 (SIGHUP) received from 13, reconfiguring
2023/10/04 23:52:32 [notice] 7#7: reconfiguring
2023/10/04 23:52:32 [notice] 7#7: using the "epoll" event method
2023/10/04 23:52:32 [notice] 7#7: start worker processes
2023/10/04 23:52:32 [notice] 7#7: start worker process 15
2023/10/04 23:52:32 [notice] 7#7: start worker process 16
2023/10/04 23:52:32 [notice] 7#7: start worker process 17
2023/10/04 23:52:32 [notice] 7#7: start worker process 18
2023/10/04 23:52:32 [notice] 11#11: gracefully shutting down
2023/10/04 23:52:32 [notice] 9#9: gracefully shutting down
2023/10/04 23:52:32 [notice] 12#12: gracefully shutting down
2023/10/04 23:52:32 [notice] 10#10: gracefully shutting down
2023/10/04 23:52:32 [notice] 11#11: exiting
2023/10/04 23:52:32 [notice] 9#9: exiting
2023/10/04 23:52:32 [notice] 12#12: exiting
2023/10/04 23:52:32 [notice] 10#10: exiting
2023/10/04 23:52:32 [notice] 9#9: exit
2023/10/04 23:52:32 [notice] 11#11: exit
2023/10/04 23:52:32 [notice] 12#12: exit
2023/10/04 23:52:32 [notice] 10#10: exit
2023/10/04 23:52:32 [notice] 7#7: signal 17 (SIGCHLD) received from 9
2023/10/04 23:52:32 [notice] 7#7: worker process 9 exited with code 0
2023/10/04 23:52:32 [notice] 7#7: signal 29 (SIGIO) received
2023/10/04 23:52:32 [notice] 7#7: signal 17 (SIGCHLD) received from 11
2023/10/04 23:52:32 [notice] 7#7: worker process 10 exited with code 0
2023/10/04 23:52:32 [notice] 7#7: worker process 11 exited with code 0
2023/10/04 23:52:32 [notice] 7#7: worker process 12 exited with code 0
2023/10/04 23:52:32 [notice] 7#7: signal 29 (SIGIO) received
2023/10/04 23:52:32 [notice] 7#7: signal 17 (SIGCHLD) received from 10
2023/10/05 14:47:56 [notice] 8#8: using the "epoll" event method
2023/10/05 14:47:56 [notice] 8#8: nginx/1.23.3
2023/10/05 14:47:56 [notice] 8#8: built by gcc 10.2.1 20210110 (Debian 10.2.1-6) 
2023/10/05 14:47:56 [notice] 8#8: OS: Linux 5.15.49-linuxkit-pr
2023/10/05 14:47:56 [notice] 8#8: getrlimit(RLIMIT_NOFILE): 1048576:1048576
2023/10/05 14:47:56 [notice] 8#8: start worker processes
2023/10/05 14:47:56 [notice] 8#8: start worker process 10
2023/10/05 14:47:56 [notice] 8#8: start worker process 11
2023/10/05 14:47:56 [notice] 8#8: start worker process 12
2023/10/05 14:47:56 [notice] 8#8: start worker process 13
